nohup: ignoring input
INFO:     Started server process [2632446]
INFO:     Waiting for application startup.
INFO:     Application startup complete.
INFO:     Uvicorn running on http://0.0.0.0:8002 (Press CTRL+C to quit)
2025-09-29 17:21:17.977 | INFO     | preprocess.article_analyzer:analyze_article:41 - 开始读取文章：[全新]()3.9《变形金刚》主题版本将于7月8日进行不停服更新，预计更新完成时间为7月8日11:00（UTC+0），届时所有玩家将可更新至新版本，期间可以正常游玩。最终更新完成时间可能根据实际情况而有所调整，如有变动将及时公告。

 

【版本亮点】这次联乘以经典角色柯柏文与麦加登为灵感，打造全新地图与联乘套装。我们深知每位玩家都对这次联乘充满期待，活动期间将发放大量福利，实际内容将于近期逐步揭晓，敬请继续留意！此外，大逃杀模式也将新增ASM Abakan自动步枪，并大量改良调整枪械配件。WOW将带来夏日限定作品，Metro Royale推出异变突起2.0模式，竞技场模式开放排位，全新社交系统Hub也将登场，更多新奇体验尽在3.9版本！

【更新奖励】在7月14日（UTC+0）前完成更新，可获得3,000 BP+100 AG+航天枢纽（3天）

【全新主题玩法：变形金刚】

《PUBG MOBILE》×《变形金刚》热血联乘开始！能与变形金刚这个传奇IP展开合作，我们深感荣幸！柯柏文与麦加登将撕裂次元，降临PUBG MOBILE战场！我们相信，各位玩家不仅能体验驾驶机甲载具风驰电掣的速度感，更能透过变身玩法化身钢铁巨人，释放毁天灭地的力量！这不仅是游戏内容的进化，更是一场变形金刚粉丝与PUBG MOBILE玩家共同狂欢的盛宴，一场跨越次元的传奇碰撞！祝每位玩家都能在枪火与钢铁交织中，编写属于自己的战场传奇！

![descript](https://cdn-pubgm-cms.vasdgame.com/image/6ef755c4292709fe4b8d00f86df6ef94.png)

l 推出时间：版本更新后-2/9/2025 20:59:59（UTC+0）

l 上线地图：Erangel、Livik、Sanhok（包括排位模式及配对模式）

 

主题玩法

l 变形金刚召唤&amp;升级

² **召唤流程：**开局后搜寻地图中散落的「太空桥信标」道具，在天空颜色变换之际，高举信标向天际发射光柱，触发全局通知「斯比顿太空桥已建立连系」。倒数计时结束，柯柏文与麦加登将撕裂次元降临，随机选择2名召唤者空降支援。此外，玩家部署信标的位置还会惊喜掉落能量补给箱、斯比顿补给箱。

Ø 柯柏文&amp;麦加登：载具/机甲双形态变形金刚，可自由切换战斗形态，施放独特技能扭转战局。掉落后的变形金刚处于基础形态，使用能量核心升级解锁大招，即可变为最高能量形态。

Ø 斯比顿补给箱：掉落丰富物资奖励。

Ø 能量补给箱：除了掉落大量物资，还会额外掉落斯比顿能量核心（用于升级变形金刚）。

² **升级流程：**收集斯比顿能量核心，即可升级变形金刚，并解锁大招技能。

l 变形金刚-柯柏文

² **载具形态（4人载具）：**红色货柜车，具备强大的保护性与可重复启动的机制，坐在货车内可获得绝对防御。

² 机械人形态（近战爆发）：

Ø 普通攻击-热能斧普攻：分为三段攻击，左劈→右砍→突刺位移。

Ø 绝招技能-冲锋砸击：高速冲锋瞬间拉近距离锁定目标，砸击命中麦加登时可触发减速效果，随后无缝衔接追加近战伤害，实现连招压制。

Ø 柯柏文的普通攻击和绝招均可对麦加登、敌方玩家、载具造成伤害。

  ![descript](https://cdn-pubgm-cms.vasdgame.com/image/6c3d9ea8d800588fdc7f20edba2e2622.png)

l 变形金刚-麦加登

² **载具形态（4人载具）：**紫色重装坦克，拥有移动堡垒级防御与可重复启动的机制。可以移动或原地变身，并可使用储力电磁砲技能。

² 机械人形态（远距离控场）：

Ø **普通攻击-手砲：**共载有五发炮弹，长按可连续发射，砲弹将以较短冷却时间逐颗补充。

Ø **绝招技能-储力电磁砲：**可长按储力施放，储力时间越长，伤害越高。发射后麦加登将后退拉开安全距离，若命中柯柏文则可触发减速效果，以便远距离追击。爆炸后产生球形探测场，即时统计范围内的玩家与载具数量，并直接在准星下方显示，辅助战术决策。

Ø 麦加登的普通攻击和绝招均可对柯柏文、敌方玩家、载具造成伤害。

![descript](https://cdn-pubgm-cms.vasdgame.com/image/07c43ef840b2ccd73406f99b4e4e4ef0.png)

l 变形金刚宿敌对决：

² 当柯柏文与麦加登狭路相逢，将会在Erangel展开一场震撼的宿敌对决。对决区域会自动产生决斗圈，将双方牢牢锁定，唯有决出胜负方可突破决斗圈。

² 在决斗圈内，驾驶柯柏文或麦加登的队伍全员将获得一次临时额外生命，为激烈对决增添更多变数与策略空间。如选择离开决斗圈，或在对决中不幸落败，将会扣除该临时生命值。

l 变形金刚启动机制：

² 变形金刚被玩家攻击至生命值归零时，会进入已损毁待启动的状态。这时玩家上前互动即可重新启动变形金刚，继续并肩作战。如在宿命对决中战败，则会进入待终结状态，被胜者终结并直接离场。

l 变形金刚无能量状态：

² 对局后期，柯柏文与麦加登会因能量耗尽强制进入无能量状态，关闭变形功能并自动切换为载具形态，继续陪伴玩家战斗。

l 变形金刚特殊结算表演：

² 玩家透过局外活动获得「变形金刚令牌」（该令牌只能带入四人模式下的主题Erangel排位地图）。

² 集齐4人队伍，开始战斗并启动试炼挑战（队伍中1人拥有令牌即可）。

² 使用柯柏文或麦加登，在决斗圈中击败宿敌机甲并赢出比赛，即可完成试炼挑战，触发对应变形金刚的专属特殊结算表演。

主题关卡

l 霓虹镇：

² 充满未来感的星际风格城镇聚落，遍布闪烁的霓虹灯装饰，洋溢着浓郁的科技气氛。

² 城镇分为竞技场、黑市、能源厂三个区域。

² 竞技场主建筑二楼设有核心宝箱，会在倒数结束后自动开启。

² 黑市区域有汉堡店、维修店等建筑，和汉堡店内的机器互动可以获得星际汉堡（特殊药物道具）。

² 区域内有巡逻机械人，可攀附至机械人头顶跟随移动，也可击破小型机械人获得物资。

l 赛博角斗场-霓虹镇内

² 坐落于霓虹镇内的一座封闭建筑，神秘而充满挑战，在此将展开一场以近战为主的激烈混战。

² 霓虹镇内部设有传送门，互动即可进入角斗场，展开热血战斗。

² 只能使用角斗场内出现的武器战斗，大部分为近战武器，考验近战技巧与策略。

² 在角斗场内死亡后不会扣除复活次数，玩家将直接在霓虹镇上空跳伞复活，继续参与战斗。倒数结束后存活的最后一支队伍可以获得丰富奖励。

l 赛博角斗场-野外

² 与霓虹镇内的赛博角斗场规则相似：只能使用内部出现的武器战斗，以近战武器为主。

² 分别在于：战场位于野外，且玩家将面对BOT敌人（非真人玩家），成功挑战后可获得奖励。

l 宇宙陨石打卡点

² 星际穿越：借助传送装置，瞬间抵达宇宙之巅，与柯柏文、麦加登两位传奇角色并肩立于陨石之上，俯瞰浩瀚宇宙中的蓝色地球，共同参与一场震撼人心的纪念地球日特别表演。

² 互动演出：这里有多种打卡演出，每个场景都精心设计了独特的动作，等参与者探索拍摄；还可触发随机彩蛋，为打卡之旅增添更多惊喜与乐趣。

² 纪念装置：打卡后，变形金刚会留下一个地球日纪念装置，装置上的时间定格为当天的地球日，成为独一无二、极具纪念意义的珍藏。

² 物资奖励：玩家可在纪念装置旁领取陨石礼包，内有珍贵物资，为之后的冒险提供支援。

 

主题道具

l 星际滑板：有型灵巧的移动滑板道具

² 携带滑板道具时，可随时使用滑板高速移动，体验风驰电掣的快感，但使用时无法攻击。

² 星际滑板共有三级，开始时为一级，拾取滑板核心可升级滑板。

² 升级后的滑板将解锁二段跳跃能力，还能施放冲刺和悬浮的技能效果，助你在冒险中更得心应手。

![descript](https://cdn-pubgm-cms.vasdgame.com/image/9d88e65d3db1d009fb29d369775431f3.png)

【武器&amp;配件更新】

武器更新

l 新武器：ASM Abakan自动步枪

² 使用5.56mm子弹，配备全自动、两连发、单发三种射击模式，满足你多种战术选择。

² 头两发子弹的射击间距极短，精准度极高，之后的射击间距和射击精准度恢复正常。

![descript](https://cdn-pubgm-cms.vasdgame.com/image/5e8df75b5e93444b6f37f09186f5eeff.gif)

l 武器调整：DSR投放调整

² DSR狙击枪在局内商店的售价由40降低至35。

² 有一定机会在空投箱中额外出现，并会少量掉落在全地图的地面。

配件更新

l **新配件：**新增延长枪管（狙击枪）；原先的延长枪管（步枪、狙击枪）调整为延长枪管（步枪）。

l 原有配件调整：

² **弹匣配件调整：**快速弹匣的上弹速度提升，快速扩容弹匣的上弹速度保持不变。

² 枪口配件调整：

Ø 枪口补偿器：新增属性，提升枪械开火稳定性。

Ø 枪口制动器：削弱水平和垂直的后坐控制力，增强开火的视角稳定性和晃动控制。

Ø 步枪/冲锋枪延长枪管：稍微增加基础子弹伤害。

Ø 狙击枪延长枪管：大幅增加基础子弹伤害，稍微降低开火的晃动控制力。

Ø 灭声器：稍微降低枪械散射。

² 配件投放调整：

Ø 枪口制动器：从局内商店移除，改为全地图地面掉落。

Ø 延长枪管：改为全地图地面掉落，同时加入局内商店。

² **背囊介面调整：**可透过背囊介面更清晰直接地查看配件属性及调整数值。

² **单人训练场更新：**训练场新增可拾取的高级配件：延长枪管、重型枪托及ASM Abakan步枪

² **全新沉浸式体验：**新增「机舱表演」互动环节，开局时可与队友在空中进行趣味互动，营造独特的战前仪式感。

² **载具精彩时刻：**全新推出「载具精彩时刻」功能，自动记录战斗中的精彩「摇车战」操作并产生专属精彩动画。

² **医疗箱调整：**改善医疗箱使用逻辑，使用后角色可更快进入冲刺状态。

² **载具特效增**强：为载具飘移新增车胎痕迹特效，提升视觉表现力。

² **二轮载具飘移（电单车/单车）：**新增飘移功能，玩家可在飘移期间发动骑射攻击，飘移状态会持续一段时间。

【Metro Royale更新】

![descript](https://cdn-pubgm-cms.vasdgame.com/image/0661c9b1012a7fb665ac0141060a1b25.jpeg)

赛季更新

l **赛季时间：** 9/7/2025 02:00:00-2/9/2025 20:59:59（UTC+0）

l Chapter 27赛季开始，更新赛季收藏品。

模式更新：异变突起2.0

l **Boss等级区分：**丧尸Boss划分为3个等级，距离核心区域越近，怪物等级越高，挑战难度逐级提升。

l **局内成长系统：**可以透过击杀怪物或击败其他玩家获得晶体能量，提升自身等级（等级仅影响与怪物交战时的强度）。

l **获得DNA序列：**击杀不同等级的Boss有机会获得DNA序列，怪物等级越高，掉落高品质DNA序列的机率越高。

l **DNA孵化仓机制：**将DNA序列放入未启动的孵化仓，有机率孵化出不同等级的怪物。DNA序列品质越好，孵化出高等级怪物的机率越高。

l **密码门物资更新：**密码门内有机会出现高级物资容器「手提防护箱」。

l **新增战术容器：**新增「随身实验伺服器」，骇入后有机会取得高价值情报（但要小心，别惊动到丧尸群）。

l **新增NPC互动：**新增「游商」NPC，可使用特定品质变卖物兑换目标商品。

系统更新

l **收藏品柜功能调整：**改善收藏品柜系统表现，支援自订展示顺序。

l **金色收藏品增益：**获得金色赛季收藏品可解锁额外增益，该增益效果持续至下赛季结束。

玩法更新

l **局内特殊事件：**全地图新增局内特殊事件，较高机率触发「培养仓空投」，击破后将随机出现丧尸怪物或物资奖励。低机率触发「强力Boss空投」，强力丧尸Boss将以空投形式登场。

l **新增金色变卖物：**随身离心机、手提显微镜。

² 成功从局内带回随身离心机、手提显微镜时，有机会获得惊喜利是，可以在Metro Royale频道派发。

l **新增金色近战武器：**惩戒者·雷鸣

² 跨赛季保留且不会被清空，无法放入加密箱、装备时不会因死亡而掉落，还拥有特殊词条效果。

² 获得途径：仅限在Chapter 27中，击败丧尸类怪物或小地图标记的Boss后有机会获得。

【WOW更新】

系统更新

l 创作支援升级

² 创作指引调整：整合提升创造者创作能力的途径，新增创作等级成长节点奖励。

² 创造者兑换商店更新：商店中新增面具与套装，创造者等级达到「中级创造者Ⅰ」即可在兑换中心兑换。

² 专属主页功能上线：

Ø 达到指定创作等级可解锁个人化主页；

Ø 支援自由配搭个人荣誉与地图作品展示；

Ø 同步推出主页装扮功能，符合条件的创造者可解锁对应装扮。

² 全新创作等级体系：新增传奇创造者之上的顶级创作等级，该等级的创作经验不再设有上限。

² 创作节点回馈强化：达成关键创作节点时，新增系统提示与社交分享功能。

l 游玩体验调整

² **开局流程改善：**改善配对困难作品的开局流程：点击「开始游戏」将会进入「作品大厅」。

Ø 人数充足时自动配对；

Ø 人数不足时引导进入「作品大厅」等待；

Ø 在「作品大厅」开始的对局同样计入作品数据、游玩时间及每日任务。

² 好友互动升级

Ø 实时更新「好友正在游玩」资讯，优先显示近期游玩作品；

Ø 作品详情页新增「一起玩」入口，结合组队邀请与可用房间列表。

l 介面互动改良

² 主介面互动调整：向下拉隐藏顶部状态栏，向上滑重新显示。

² 详情页布局调整：

Ø 整合作品详情页资讯与功能按钮，突显核心资料。

Ø 新增显示作品更新时间、创造者等级及追踪者人数。

² 搜寻功能升级：搜寻结果显示数量增加至4个（将逐步开放）。

l 创造者生态扩展

² 个人主页体系：新增玩家个人主页与创造者主页，集中显示游玩与创作数据、钱包收益。

² 共创钱包功能：独立显示现金收益及详细收入/提款纪录。

² 活跃奖励计划：创作优秀作品来获得现金奖励，根据创意度、受欢迎程度及玩家喜好度来计算收益。

局内功能更新

l 新增玩法模式：夏日大作战

² 开放时间：14/7/2025 02:00:00（UTC+0）

² 对战模式：2v2v2v2，四组队伍对战。

² 玩法规则：使用特殊武器「喷墨枪」进行战斗，打出的子弹会将场地染色，按染色面积比例为队伍加分（全场总分为100分），被其他队伍颜色覆盖的区域则扣分。击败其他队伍玩家可直接得分，每击败一人加1分，不设上限。

![descript](https://cdn-pubgm-cms.vasdgame.com/image/3d30f8fa8d9560533d3689edf2784238.jpeg)

l 资源植入：

² 新增主题装饰物：星际酒馆等物件

² 新增载具：轻型货车、三人电单车

² 新增道具：喷墨枪

![descript](https://cdn-pubgm-cms.vasdgame.com/image/1b0a30fe4e2c81cb0cfb5f00fa0a4085.png)

 

² 新增怪物：

Ø 冰龙Boss（战场上限2只）：具备近战爪击/撕咬与范围技能（冰柱追击/龙车冲击），触发弱点机制后将进入狂暴状态并腾空而起，支援巡逻路线设定。

Ø 烟雾丧尸：远距离投掷石块/钢筋，召唤喷毒小丧尸，投放烟雾弹干扰。

Ø 喷毒丧尸：发射毒素球，血量低于30%时进入狂暴状态并加速冲撞。

Ø 机械警犬：头部改装为镜头，具备近战爪击/跳跃突进能力，并可发射激光弹攻击。

l 系统与互动改良

² 操作互动升级：组合/预制支援整体缩放与XY轴旋转。

² 玩法装置调整：侦查扫描技能的显形效果由「头顶小红点」改为「红色剪影」。

l 视觉化程式设计扩展

² 新增功能：

Ø 角色绑定拥有者区块：可将怪物/武装AI的伤害来源绑定至指定玩家。

Ø 发射体/技能载入预设程式码：支援执行独立程式码。

Ø 技能事件监测区块：可覆盖施放/结束/中断阶段，并可修改冷却时间等属性。

Ø 新增时空节点/持续空节点/预瞄发射体专用区块（可透过视觉化程式设计按钮查看）。

² 体验调整：

Ø 改善区块描述：更清晰简洁。

Ø 预设搜寻功能升级：支援搜寻全分页内容。

l 逻辑与介面系统

² 新增逻辑物件：发射体类型逻辑物件（模拟子弹/炮弹轨迹及命中效果）。

² 介面编辑器升级：

Ø 支援自订圆形底框的按钮控制项。

Ø 调整介面区块参数取值范围，提升创作自由度。

l 功能模组扩展

² 新增技能编辑器

Ø 可自由创作技能（子弹/载具召唤/场景物件/特效动画等）。

Ø 可基于范本修改或零基础自订技能逻辑（包括施放方式/基础属性等）。

² 新增九大技能范本

Ø 侦查扫描/召唤载具/定点空袭/召唤防御塔/凝固汽油弹/使用绷带/𣊬间转移/冲刺/架设掩护物（包括高阶参数/节点功能示范）。

创作中心

l 创作等级条件变更

² 大师、卓越和传奇创造者III的升级条件调整为入选官方精选、合作、范本，或是在创作比赛获得创造达人或创造巨星称号。

【竞技场更新】

排位活动

l 竞技场排位活动回归

² 活动日期：24/7/2025 02:00:00-2/09/2025 20:59:59（UTC+0）

² 玩法入口：排位模式新增竞技场分页入口。

² 玩法模式：死亡竞技排位-仓库、死亡竞技排位-机库、冲锋竞技排位-遗迹，占点竞技排位-小镇；4个模式随机配对进入。

² 玩法奖励：[不但有段位即时奖励，结算后每区头1,000名玩家还将获得限定称号，荣誉与实力并存。]()

玩法更新

l 调整团竞玩法集结体验

² 集结镜头升级：改良集结时的镜头表现效果，并新增随机动作设计，加强视觉表现力。

² 8v8模式集结动画：8v8竞技场模式现新增集结动画播放，加强对战仪式感。

² 快速进入集结：从载入画面进入场景后，将直接触发集结状态，缩短等待时间。

l 竞技场单挑模式规则调整

² 改善邀请流程：简化单挑邀请操作，并新增比赛开始倒数计时，提升对战节奏感。

² 防骚扰机制：提出单挑请求后，提出方将进入10秒冷却期（冷却结束前不可重复提出邀请），有效减少恶意骚扰。

l 竞技场模式内容更新

² 军备竞赛枪械扩充：更新军备竞赛玩法的局内枪械库，新增多款武器，丰富战术选择。

² 开放切换视角功能：竞技场模式下开放第一人称/第三人称视角切换开关，可自由切换。

² 仓库地图物资点改良：地图中央的物资争夺点只会出现AWM狙击枪，两侧物资争夺点只出现三级护甲，策略争夺更集中。

 

【新社交系统：Hub】

![](https://cdn-pubgm-cms.vasdgame.com/image/08365795128a2ae93f2fed4dc9c21854.png)

 

l **进入方式：**从2D大厅向下滑，或点击顶部LOGO切换。

l **开放等级：**等级达到9级后开放功能。

l **大厅特点：**全新海滨都市风3D社交大厅，与现有2D大厅并存，可直接切换，体验阳光沙滩与现代建筑交织的沉浸式空间。

l **功能继承：**完整继承2D大厅核心功能，包含换装、组队、聊天、配对、查看个人资料、仓库、商店等，可设定为登入后预设进入。

l **核心区域：**包括中央广场（可以互动、使用魔法棒）、动感舞台（可以领舞、多人共舞）、沙滩游乐区（可游玩摇摇板、沙滩足球）及多个休闲角落，还有特色物件等你探索。

l **社交动作：**新增「牵手」、「公主抱」、「背起」等专属亲密互动，可展现个性与关系。

l **开放节奏：**为确保功能稳定，Hub系统将会分批开放。初期仅限部分国家/地区的部分玩家体验，之后将逐步扩大范围，预计于7月17日向全球玩家全面开放，具体时间会根据实际情况动态调整。

【休闲玩法】

l 火力全开模式：

² 手榴弹/飞弹武器对载具的伤害提升约20%。

² 对局内超级武器箱和据点武器箱道具调整，加入更强力的新道具。

² 对局内投放两栖艇，提升武装直升机的产生机率。

l 狙击特训投放调整：

² 地面不再掉落手枪。

 

【家园更新】

![descript](https://cdn-pubgm-cms.vasdgame.com/image/d80338ceca0b4e2d1449373344526125.jpeg)

玩法更新

l 新增非洲宝石棋玩法：

² 上线时间：22/7/2025 02:00:00（UTC+0）

² 可使用家园币兑换游戏桌，摆放在家园中即可游玩，可供1至2人游玩，游玩可获得奖励。

l 新增家园停车场玩法：

² 上线时间：14/7/2025 00:00:00-7/9/2025 23:59:59（UTC+0）

² 可将仓库载具造型新增至停车场，参与车位占领玩法赚取停车券，载具品质及停车场等级越高，收益越高。

² 其他玩家停泊在自己停车场的载具可能会带来惊喜礼包。

² 停车券可在商店兑换载具代币、抽奖减免券、家园限定雕像等丰富道具奖励。

² 每周结算当周停车券收益排行榜，头一百名玩家可透过电邮领取额外道具奖励。

² 赛季结算时已获得的停车场资源、等级及商店道具奖励会保留，停车券将分解为家园币。

功能更新

l 新增家园图纸分期付款功能：

² 上线时间：8/7/2025 00:00:00（UTC+0）

² 购买家园蓝图时可分期付款购买，支付首期后每月偿还剩余金额，活跃上线可免除利息。

² 同时只能分期付款购买1件物品，之后可用相同物品抵扣分期付款金额。

物品更新

l 新风格促销活动「深空港湾」：

² 上线时间：14/7/2025 00:00:00-10/8/2025 23:59:59（UTC+0）

² 购买新风格物品可累积风格分。繁荣度达一定门槛可领取丰富好礼。

l 新风格活动「深空港湾」：

² 上线时间：14/7/2025 00:00:00-31/7/2025 23:59:59（UTC+0）

² 进入家园可以领取新风格物品礼包（礼包三选一）。

² 新增碧湾风格分排行榜，达到指定风格分或排名可领奖励。

l 家园巧匠超值通：

² 上线时间：14/7/2025 00:00:00-1/9/2025 23:59:59（UTC+0）

² 全新风格深空港湾巧匠超值通上线，加量不加价，奖励道具全面升级！升级至Elite版本即可获得红色品质的家园装饰物件，巧匠锁匙数量增加50%！

l 神秘商人宝箱：

² 上线时间：14/7/2025 00:00:00（UTC+0）

² 新增新风格高品质物品。

l 家园回归宝箱：

² 上线时间：11/8/2025 00:00:00-21/10/2025 23:59:59（UTC+0）

² 家园回归宝箱（碧湾风格）上线。

l 家园轮盘&amp;商店：

² 上线时间：14/7/2025 00:00:00（UTC+0）

² 新风格深空港湾上线。

 

【赛季更新】

CYCLE 9 SEASON 25经典赛季

l **开放时间：** 12/7/2025 02:00:00-10/9/2025 23:59:59（UTC+0）

l **奖励更新：**投放粉色品质套装，C9S25赛季眼镜、C9S25赛季套装、C9S25赛季面具、C9S25赛季头饰、C9S25-QBZ。

l **赛季币兑换商店：**更新C9S25-降落伞。

l 赛季活动：

² 主题玩法不掉分活动：版本更新后-25/7/2025 23:59:59（UTC+0）

² 赛季末-每日排位额外加分活动： 21/8/2025 02:00:00-10/9/2025 23:59:59（UTC+0）

l 改良更新：

² 新增经典赛季、休闲赛季双重段位奖励。

² 更新新系列赛季CYCLE奖励。

CYCLE 9 SEASON 25休闲赛季

l **开放时间：** 12/7/2025 02:00:00-10/9/2025 23:59:59（UTC+0）

l **玩法：**完成每周任务获得休闲积分，提升休闲段位，达到特定段位可领取奖励，部分奖励在经典赛季和休闲赛季可同时解锁，首次解锁为奖励物品，再次获得转换为赛季币。

l **休闲段位：**设有青铜、白银、黄金、铂金、星钻、皇冠及王牌7个等级。

l 改良更新：

² 新增经典赛季、休闲赛季双重段位奖励。

² 调整各休闲段位所需的休闲积分数量。

² C9S26赛季开放时，按段位继承对应的休闲积分。

CYCLE 9 SEASON 25巅峰赛

l **开放时间：** 21/7/2025 02:00:00-2/9/2025 23:59:59（UTC+0）

l **参赛要求：**过往赛季的所有模式最高段位达到荣耀皇冠或以上。

l **地图：**新增Sanhok地图，Sanhok地图巅峰赛结算排名积分将按0.5系数缩放。

l 活动：

² Miramar/Sanhok地图赛季头三局额外+10分，活动时间为21/7/2025 02:00:00-2/9/2025 23:59:59（UTC+0）

² 巅峰赛赛季初每日头2局不掉分，活动时间为21/7/2025 02:00:00-10/8/2025 23:59:59（UTC+0）

l **Bug修复：**修复巅峰赛称号在战斗中显示异常的问题。

 

【系统更新】

亲密关系

l **系统更新：**新增6人展示动作，可在「公会战」中取得。新增6人互动展示动作，丰富社交表现形式，相关动作资源可透过参与「公会战」获得。

l 亲密派对：

² 活动时间：14/7/2025 09:00:00-27/7/2025 23:59:59（UTC+0）

² 活动期间完成新增好友、组队等任务，可获得亲密度道具及限时套装。

l 亲密度加成：

² 活动时间：14/7/2025 09:00:00-27/7/2025 23:59:59（UTC+0）

² 活动期间，好友之间赠送礼物，亲密度可获得额外加成；累计获得加成亲密度达至一定等级即可领取奖励。

人气礼物及活动

人气对决活动：

l **报名时间：**版本更新后-14/7/2025 08:59:59（UTC+0）

l **对决时间：**14/7/2025 09:00:00-13/8/2025 09:00:00（UTC+0）

l 活动规则：

² 参赛门槛：等级≥2且人气等级≥2

² 报名：若错过报名期，对决期间仍可报名。报名后将进入下一轮的配对池。

² 配对：共10轮对决，每3天配对实力相当的对手进行1v1人气对决

² 对决：对决期间，比较双方的人气值获取情况。人气值较高的一方将获得胜利。获胜方可夺取失败方的对决积分，比例为50%

² 积分：对决积分=基础积分+夺取积分。获得人气值越高，基础积分越多。失败方人气值越高，获胜方可夺取的积分越多。

² 奖励：

Ø 参与对决可赢取对决积分，进而提升对决等级。对决等级越高，获得的奖励越稀有。

Ø 新增人气对决连胜奖励。活动期间，连续赢得2轮对决进入连胜状态，失败则立即终止连胜。对决平手不会结束连胜状态，也不会增加最大连胜次数。将按照今期对决最高连胜次数领取奖励。

Ø 新增可升级奖励资源，包括动态名片/动态资讯卡/社交资料背景图，解锁可升级更多动感效果！

² 人气水晶：活动期间透过连胜奖励和人气兑换商店获得，用于升级奖励资源。

 

组队对决活动：

l **报名时间：**9/8/2025 00:00:00-17/8/2025 08:59:59（UTC+0）

l **对决时间：**17/8/2025 09:00:00-2/9/2025 09:30:00（UTC+0）

l 活动规则：

² 配对：共8轮对决，每2天配对实力相当的队伍，按队伍中人气排序进行1v1人气对决

² 对决：比较双方的人气值获取情况。

² 胜负判定：按队伍里每名玩家的胜负状态计算总比分。若比分为2:2，则再比较双方队伍的总人气值。总比分较高的队伍获得胜利，获胜方可夺取失败方的对决积分

² 奖励：队伍内所有玩家积分相同，可共同领取等级奖励和排行榜奖励。

² 暱称勋章：

Ø 已报名的队伍可由队长建立队伍专属的暱称勋章，见证队伍成员及收礼玩家的亲密关系。

Ø 队伍成员可透过完成队伍报名或完成赠送任务来获得。

Ø 暱称勋章支援自订文字，具有独特性

 

【安全相关】

安全策略

l 安全侦测系统升级，提升针对透视、自动瞄准、子弹追踪、无后坐力、加速、窜改资源档案、造型美化、除草等外挂的侦测能力。

l 违规行为侦测升级。提升对恶意组队、恶意卡配对、加入外挂队伍等违规行为的侦测能力。

l 加强对游戏内不法产业小帐号、交易、护航、机械人程式、刷人气、不法产业退款等利用违规手段获利行为的侦测和管控程度，遵守游戏规则，提升玩家游戏体验。

l 内容安全侦测升级：提升对发言、头像、语音、家园场景的侦测能力和处罚程度，规管游戏行为。

 

感谢大家一直以来的支持与厚爱！如对新版本有任何意见反映，欢迎随时联络我们，期待与你携手共创更精彩的战场体验！

 

PUBG MOBILE营运团队

2025年7月6日
2025-09-29 17:21:17.978 | INFO     | preprocess.article_analyzer:analyze_article:43 - 文章读取完成，总长度：12400字
2025-09-29 17:21:18.228 | INFO     | preprocess.article_analyzer:analyze_article:41 - 开始读取文章：全新4.0「幽灵奇妙夜」主题版本将于9月4日进行不停服更新，预计更新完成时间为9月4日11:00（UTC+0），届时所有玩家将可更新至新版本，期间可以正常游玩。最终更新完成时间可能根据实际情况而有所调整，如有变动将及时公告。

【版本亮点】4.0版本以幽灵为主题，带来全新竞技模式与超多IP联乘内容，为你呈现年度最疯狂搞怪的奇幻体验！具体联乘内容之后将陆续揭晓，敬请持续留意。这次更新包括多重精彩内容：新武器迫击炮、王牌段位奖励升级、全新不对称竞技模式、Metro Royale 1v1单人模式、WOW 1.0全新升级；全面开放超流畅画质选项，精准解决帧率、延迟等痛点。惊喜升级，挑战不断，尽在4.0版本！

【更新奖励】在9月10日（UTC+0）前完成更新，将透过电邮发放3,000 BP+100 AG；此外，4.0版本起更新福利全面升级——更新后免费赠送万圣前夕主题大厅（版本全期间可用，更新后自动获得）

**【全新主题玩法：幽灵奇妙夜】**

*神秘闹鬼庄园中潜藏着各种奇幻幽灵伙伴，等你来召唤！所有幽灵伙伴均有独特技能，为战斗注入搞怪乐趣，彻底告别单调！死亡后可解锁其他的幽灵技能，继续与队友一同作战——死亡不是终点，战斗永不停歇！快来探索幽灵的特殊能力吧！*

![](https://cdn-pubgm-cms.vasdgame.com/vasd-cms-pubgm/01_09aa6e5767.png)

☆ 上线时间：3/9/2025 02:00:00-4/11/2025 20:59:59（UTC+0）

☆ 上线地图：Erangel、Livik、Rondo（包括排位模式及配对模式）

注意：Erangel和Livik地图中将会推出所有内容，Rondo地图仅推出主题玩法中的「小鬼头幽灵、捣蛋鬼幽灵、飞天扫把」

**玩法机制**

**☆ 幽灵伙伴：小鬼头**

**◇ 玩法机制：**全程陪伴的生存阶段幽灵伙伴，使用技能时他人才能看见，非使用状态下仅自己可见。

**- 如何获得：**在局内可以拾取到各种小鬼头可使用的技能道具，在背囊内将它们装备至小鬼头身上后，就可以使用对应技能。

**- 技能种类：**可供拾取的技能有2个主动技能+5个被动技能，最多可以同时持有1个主动技能+2个被动技能。

**- 技能升级：**每个技能有三个等级，地图中有高级技能可直接拾取；也可透过拾取技能升级道具，升级低等级技能。

**◇ 技能使用说明：**

**- 飘浮气球（主动）：**化身气球将玩家拉起，吸气上升后放气飞行。

**- 守护之盾（主动）：**化身巨盾附在主人身上，持盾冲撞可击走敌人，亦可放下作为掩护物。

**- 修理工（被动）：**护甲耐久度下降至一定程度时自动修复，技能等级越高修复越频繁。

**- 小鬼头套（被动）：**主人原地待机过久或头部受击时，产生防护头套，可抵销部分伤害。头套状态下开咪声音将变为尖锐快速或低沉冗长。

**- 扫描（被动）：**获得望远镜能力，命中敌人时触发范围侦测，标记附近敌对玩家位置。

**- 助跑（被动）：**冲刺状态下提供额外助推加速。

**- 疗愈（被动）：**生命值下降时自动治疗，救援队友时代为完成治疗。

**☆ 死亡幽灵：捣蛋鬼**

**◇ 玩法机制：**玩家死亡后将化身为捣蛋鬼，拥有随时间衰减的能量条（使用技能或受到攻击时会额外消耗）。能量耗尽后彻底死亡并进入观战状态，期间若被队友复活则会提前终止捣蛋鬼形态。

**◇ 技能使用说明：**

**- 守护之盾：**化身为伤害吸收护盾（仅在受击时消耗能量）。

**- 扫描：**标记目标位置，使对方暴露给全体玩家（消耗能量）。

**- 炸弹：**化身高速移动炸弹，爆炸造成范围伤害与击退（消耗能量）。

**☆ 技能开放规划：**小鬼头和捣蛋鬼技能将于9月3日、11日、18日逐次推出，持续解锁新体验！

![](https://cdn-pubgm-cms.vasdgame.com/vasd-cms-pubgm/02_63bd022c52.png)

**主题场景**

**☆ 闹鬼庄园：**神秘庄园坐落著宏伟洋楼，内藏蕴含神秘力量的珍奇收藏与陈设，外围涵盖植物园、迷宫、纪念区及种植区等多元探索区域。

**◇ 幽灵特色玩法：**

\- 魔镜宝物:开启封印魔镜可获得物资,并成为最强队伍。

\- 胆小幽灵:伪装成场景物件出现于局内,可透过攻击/射击揭露真身并获得掉落物资。

\- 宝箱幽灵:开启后会暴露周围玩家的位置。

\- 闹鬼家具:悬浮状态的神秘家具。

**☆ 鬼哭魂嚎-摇滚音乐会：**

◇ 在开局一段时间后，地图的特定区域将展开幽灵乐队「鬼哭魂嚎」的摇滚音乐会。

◇ 进入音乐会区域会触发演奏，演奏结束后可获得对应物资奖励。

◇ 演奏期间可与幽灵乐团互动，如果发现幽灵弹错音符，并在身边「提醒」他，可以加速获得物资及额外奖励。

◇ 互动玩家还能获得幽灵警告，若有敌方玩家靠近，乐队会提示大致方位。

**主题道具**

**☆ 飞天扫把：**具有魔法能量的双人骑乘扫把，可自由召唤并灵活飞行，配备冲刺与大扫除双技能。

◇ 冲刺：提升位移能力。

◇ 大扫除：透过储力发动，可将面前敌人击走。

**【经典地图更新】**

![](https://cdn-pubgm-cms.vasdgame.com/vasd-cms-pubgm/03_321e773f0d.png)

**武器更新**

**☆ 新武器：迫击炮**

◇ 可单人携带的轻型迫击炮（占用手枪栏位），使用专属高伤害弹药。

◇ 需于地面部署后发射，支援视野内瞄准线速射/视野外地图选点两种攻击模式。

**☆ 枪械改良**

◇ 模拟真实换弹机制：适用于自动步枪/冲锋枪/连发狙击枪/部分手枪及单发狙击枪，战术换弹后保留枪膛子弹（待击发数+1），更接近真实战术换弹原理。

◇ 手枪动画更新：优化空弹匣与换弹动作逼真度，换弹时间和手感不改变。

◇ 后坐力改善：调整垂直/水平后坐力计算机制，提升开火稳定度。

**配件更新**

**☆ 握把配件调整**

◇ 直角握把：略微增强水平后坐力控制。

◇ 半截式握把：略微增强开火视角稳定度。

◇ 轻型握把：移除垂直后坐力控制，新增开火视角稳定与枪械稳定度的特性。

◇ 人体工学握把：略微削弱水平/垂直后坐力控制，增加枪械开火稳定度与晃动控制特性。

◇ 雷射瞄准器：略为增强散射控制。

◇ 其他握把（垂直/拇指）：属性保持不变。

**☆ 枪托配件调整**

◇ 战术枪托：降低后坐力控制，新增开火晃动控制特性。

◇ 托腮板：降低垂直后坐力与散射控制，增强开火视角稳定度，新增开火枪械稳定度特性。

◇ 重型枪托/Micro Uzl：属性保持不变。

**☆ 配件资讯调整**

◇ 改善握把/枪托配件在背囊的属性说明展示

**地图更新**

**☆ Erangel地图Lipovka区域更新：**

◇ 在北侧沙滩新增海滨乐园里面秋千和摩天轮，可以在紧张的战斗之余在此享受片刻的闲暇时光。

**【Metro Royale更新】**

![](https://cdn-pubgm-cms.vasdgame.com/vasd-cms-pubgm/04_5268824a11.png)

**赛季更新**

☆ 赛季时间：5/9/2025 02:00:00-4/11/2025 00:00:00（UTC+0）

☆ Chapter 28赛季开始，更新赛季收藏品。

**模式更新**

☆ 新增1V1单人模式，可在组队介面向队友提出起单挑邀请。

**系统更新**

☆ 战备页推荐战备支援一键购买并穿著全套装备。

**地图更新**

☆ 经典地图中将随机出现幽灵宝箱，开启后有机率获得高价值变卖物；特殊宝箱可获得更丰富的物资奖励。

**【WOW更新】**

![](https://cdn-pubgm-cms.vasdgame.com/vasd-cms-pubgm/05_674bd4f361.png)

**系统更新**

**☆ 创造者权限大量开放：**按WOW玩家游玩等级从高到低逐步开放创造者资格，释放无限创意潜能，打造你的专属奇妙世界！

**☆ AI助手：**智能辅助创作，帮你解决作品编辑难题！向9级以上创造者逐步开放，目前支援部分语言。

**☆ 优质留言推荐：**筛选WOW地图留言区与俱乐部优秀内容推荐给创造者，不再错过任何优质留言。

**☆ 推荐演算法调整：**升级「猜你喜欢」推荐效果，新增多方位作品特征。

**☆ 配对调整：**提升上线人数精确度，改善配对时间预测。

**☆ 新作分页：**改善筛选机制，提升优秀新作曝光率。

**☆ 作品大厅：**

◇ 新增开局前判断流程，提升等待厅开局效率。

◇ 支援多作品大厅并行等待（WOW PASS玩家专属）。

**☆ 好友都在玩：**改善资讯展示，点击「一起玩」显示好友具体游玩资讯，组队游玩更方便。

**☆ 作品推广卡：**新增游廊场景展示。提升兑换中心推广卡门槛，调整创作任务奖励。

**共赢生态**

**☆ 全新WOW PASS登场，大量WOW模式专属资源来袭**

◇ 维持时间：3/9/2025 07:00:00-4/11/2025 23:59:59（UTC+0）

◇ 免费参与，可透过完成任务获得积分，提升WOW PASS等级，并获得丰富对局道具奖励。

◇ 升级PASS还可解锁更多内容，同时支援花费UC购买积分加速升级。

◇ 重要提示：版本结束后未使用的PASS积分、积分卡及任务卡也将过期。

**☆ WOW礼物**

◇ 持续时间：3/9/2025 00:00:00-4/11/2025 23:59:59（UTC+0）

◇ 新增WOW专属礼物，创造者获得后可累积创想值、提升赛季创想等级。

◇ 赛季创想等级可解锁大量个人化外观资源。

◇ 新增【创想值排行榜】活动，排名高的玩家可获得高额现金奖励。

**☆ 个人化资源**

◇ 局外资源：新增入房通知、主页装饰。

◇ 局内资源：新增击杀特效、复活特效。

**编辑器更新**

**☆ 视觉化程式设计：**

**◇ 怪物与武装AI预设：**

\- 新增装载程式码功能,可为个别怪物或武装AI装载独立程式码并加以执行。

\- 新增怪物指令相关区块,支援动态指挥怪兽攻击、移动或保卫目标、保卫区域。

**◇ 新增怪物等级系统：**更新时根据预设等级自动初始化属性值，提供官方范本方案与自订方案双选择。

**◇ 新增怪物讯息互动区块：**新增取得怪物索敌目标、设定掉落方案、设定基础属性及监控生命值变化等区块。

**◇ 新增枪械功能区块：**支援动态切换玩家手持武器、装填弹药及取得即时弹药量等操作。

**◇ 新增技能相关区块：**新增针对技能实例的修改与属性取得功能区块。

**◇ 新增发射体区块：**支援修改已产生发射物体的爆炸伤害、命中伤害及爆炸范围参数。

**◇ 新增角色建立区块：**新增即时建立怪物与武装AI角色功能，条件满足时立即产生角色并支援传回实例进行后续处理。

**◇ 区块标记调整：**新增分页小红点提示，即时显示目前分页下未读新区块数量。

**◇ 区域伤害判定调整：**改善区域伤害类区块，现根据「角色是否在区域中」（而非角色模型中心）精准判定伤害目标。

**☆ 资源植入：**

**◇ 武器：**新增迫击炮、法棍面包、黄金平底镬、萤光棒。

**◇ 场景：**新增幽灵庄园场景物件及摄影机模型。

**◇ 技能：**新增守护之盾和飘浮气球幽灵技能。

**◇ 载具：**新增AH6直升机、魔法扫把。

**☆ 其他功能更新**

**◇ 技能编辑器：**

\- 新增技能组合功能,实现技能施放后自动切换至其他技能的连续技玩法。

\- 支援特效预览功能,可即时预览技能特效表现。

**◇ 预设管理：**

\- 新增预设仓库介面,支援统一管理怪物、加成、技能等游戏元素。

**◇ 数据结构性能侦测教学：**

\- 页面新增说明按钮，点击查看页面影片教学（讲解性能问题成因及解决方法）。

**【基础体验改良】**

**☆ 性能调整**

**◇ 新增超流畅画质选项：**有效改善帧率/延迟/耗电/发热问题。

**- 帧率调整：**部分机型最高可选帧率提升：中等（25 fps）→高清（30 fps）；高清（30 fps）→超高清（40 fps）；超高清（40 fps）→极致（50-60 fps）。

**- 减少延迟：**使用超流畅画质时，部分机型延迟减少30%至50%。

**- 发热改善：**超流畅画质下部分机型连续两局后，温度降低2°C至4°C，发热降频减少15%。

**- 耗电改善：**使用超流畅画质时，CPU/GPU负载降低大约10%，整体功耗减少5%至7%。

**◇ 兼容高帧率：**部分新机型新增支援90 fps及120 fps。

◇ 更多详细内容请参考4.0版本更新调整公告。

**☆ 载具系统调整**

**◇ 骑射机制：**

\- 修正骑马开镜瞄准时角色身体穿模问题。

\- 两轮载具骑射时速度稳定度提升。

**◇ 备用车胎：**支援用于倒地的电单车。

**◇ 水中表现：**

\- 移除生物载具与游泳玩家的穿模现象。

\- 船载具移动更平滑,减少抖动。

**☆ 战斗操作调整**

\- 摇杆机制：切换操作单位（如上车/变身）时保持移动方向，毋须重新操作摇杆。

\- 准星系统:新增四倍镜准星快速切换功能,开镜后可自订准星样式并永久保留。

**☆ 队友合作调整**

\- 新增正向行为鼓励机制(大逃杀玩法):治疗/救援/召回队友可累积合作值,用于兑换包括战斗物资的合作补给箱,支援团队合作玩家提升战斗力。

**☆ 经典模式结算**

◇ MVP时刻

\- 新增「MVP印记」:个人化资源,装备后可以改变玩家的MVP时刻效果。

\- 新增幽灵奇妙夜MVP动作:该动作拥有特殊的展示背景,并会影响最终的结算介面呈现。

\- 获取方式:以上新增资源可透过「经典赛季 - 荣誉之路」获得,目前仅在经典模式对局中生效。

◇ 四人结算动作

\- 新增「队伍结算动作」:个人化资源,装备后可以改变玩家在经典模式下队伍结算时的个人动作。

\- 设定方式:可透过「经典赛季 - 荣誉之路」获得,可设定跟随时装装扮或跟随物品设定。

**☆ 自订开局动画**

◇ 新增「开局动画」：个人化资源，装备后可以改变各模式下进入对局前的动画效果。

◇ 获取方式：该资源同样可透过「经典赛季 - 荣誉之路」获得。

**【赛季更新】**

**CYCLE 9 SEASON 26经典赛季**

☆ 开放时间：11/9/2025 02:00:00-10/11/2025 23:59:59（UTC+0）

☆ 赛季奖励：加入粉色品质系列道具（C9S26-赛季眼镜/套装/面具/头饰/DBS）。

☆ 赛季币商店：新增C9S26-降落伞兑换。

☆ 段位体系：

◇ 新增经典/休闲双赛季段位奖励。

◇ 超级王牌以上开放荣誉之路，解锁专属荣誉资源。

◇ 调整段位目标系统（达成前赛季最高段位获额外奖励）。

◇ 调整段位商店显示位置。

☆ 赛季活动：

◇ 主题玩法不掉分：3/9/2025 02:00:00-21/9/2025 23:59:59（UTC+0）

◇ 赛季末排位加分： 21/10/2025 02:00:00-10/11/2025 23:59:59（UTC+0）

**CYCLE 9 SEASON 26休闲赛季**

☆ 开放时间：11/9/2025 02:00:00-10/11/2025 23:59:59（UTC+0）

☆ 核心玩法：完成每周任务取得休闲积分，提升段位并领取达成奖励（部分奖励双赛季通用，首次解锁为物品，重复获得转为赛季币）。

☆ 段位设定：青铜/白银/黄金/铂金/星钻/皇冠/王牌（共7级）。

☆ 双赛季奖励：同步开放经典/休闲赛季段位奖励。

☆ 积分调整：调整各段位所需休闲积分数量。

☆ 段位继承：C9S26赛季开启时按目前段位继承对应休闲积分。

**CYCLE 9 SEASON 26巅峰赛**

☆ 开放时间：11/9/2025 00:00:00-10/11/2025 23:59:59（UTC+0）

☆ 参赛门槛：过往赛季所有模式最高段位达皇冠以上。

☆ 地图机制：Sanhok地图结算积分按0.5系数缩放。

☆ 特色活动：

◇ Miramar/Sanhok地图赛季头三局额外+10分（22/9/2025 02:00:00-4/11/2025 23:59:59（UTC+0））

◇ 巅峰赛赛季初每日首2局不掉分（22/9/2025 02:00:00-4/11/2025 23:59:59（UTC+0））

**枪械战斗力**

☆ 开放时间：11/9/2025 02:00:00-10/11/2025 23:59:59（UTC+0）

☆ 核心定义：衡量玩家在经典排位/巅峰赛中使用枪械的精通程度。

☆ 计算根据：综合每分钟伤害量、击杀人数、命中率、枪械携带时间等对局表现。

☆ 段位绑定：战斗力上限随段位提升逐步提高，部分等级需要达成经典赛季/巅峰赛段位才能解锁。

☆ 重设规则：每赛季结束后战斗力值归零。

☆ 排行榜机制：每月1日0时进行排行榜结算，头100名获得30天限时称号（赛季末不发奖，仅展示排行榜分数，新赛季开启后重设）。

☆ 其他规则：

◇ 单一地区限制：无法多区同时上榜。

◇ 荣誉展示：资料-荣誉介面预设显示各枪械最高等级纪录。

◇ 空窗期限制：赛季空窗期对局不新增段位分与枪械战斗力。

**疯狂周末活动**

☆ 疯狂福利：组队畅享对局特权与大量奖励！

☆ 疯狂冲分：好友组队排位享多重福利

◇ 组队排位不掉分、组队排位额外加分、组队挑战值双倍、组队排位不限段。

☆ 疯狂收益：任何模式组队加成翻倍

◇ 人气值双倍、亲密度双倍、经验值双倍。

☆ 随意开局：完成任何模式组队2局即享

◇ 现金抽奖机会、3天枪械体验卡。

☆ 幸运鸡友：每周从完成组队任务的玩家中抽取现金大奖。

☆ 活动开放时间：以下时区均为UTC+0，对应日期的00:00-23:59全天开放。

◇ 中东/东欧/南亚/非洲地区，逢周五开放：9月12日/9月19日/9月26日/10月3日/10月10日/10月17日/10月24日/10月31日。

◇ 东南亚/北美/拉丁美洲地区，逢周六开放：9月13日/9月20日/9月27日/10月4日/10月11日/10月18日/10月25日/11月1日。

◇ 西欧地区，逢周日开启：9月14日/9月21日/9月25日/10月5日/10月12日/10月19日/10月26日/11月2日。

**【HUB更新】**

**☆ 基础体验调整：**

◇ 改善Hub到期后的移动体验。

◇ 改善Hub中玩家状态的显示。

◇ 改善改色外观在Hub中的表现。

◇ 改善WOW模式在Hub中的下载提示。

◇ 改善双人互动动作表现。

◇ 改善可互动物件的表现和体验。

**【团队竞技更新】**

**排位赛更新**

**☆ 活动更新**

◇ 活动时间： 16/9/2025 02:00:00-21/10/2025 23:59:59（UTC+0）

◇ 玩法入口：排位模式新增「竞技场」分页入口，也可透过配对-竞技场分页下方前往进入。

◇ 玩法模式：随机配对4大竞技场排位模式（死亡竞技排位-仓库/机库、冲锋竞技排位-遗迹、占点竞技排位-小镇）。

◇ 玩法奖励：段位即时奖励+全区头1,000名限定称号，荣誉与实力并存。

**☆ 玩法调整**

◇ 复活机制：遗迹地图改为跟随队友复活。

◇ 功能禁用：竞技场排位赛禁用滑铲功能。

**☆ 配对与选择模式**

◇ 玩法入口：竞技场排位赛开启时，竞技场分页下会出现排位赛入口直达排位页面。

◇ 机率调整：微调竞技场排位赛地图库各模式随机配对机率。

◇ 配对限制：仅队伍成员全体下载竞技场排位赛地图后，即可开启排位配对。

**☆ 挂机与断线处理**

◇ 重新连线调整：为断线玩家提供更充裕的重新连线时间。

◇ 挂机惩罚：长时间无操作将触发警告，持续逾时会判定挂机并扣除结算分数。队友挂机导致失败时，正常游玩玩家的扣分将大幅降低，保护上分体验。

**枪械属性调整**

**☆ 调整部分枪械在竞技场玩法中的属性，包括死亡竞技、竞技场排位赛等模式（以下属性调整仅在竞技场模式中生效！）**

◇ P90冲锋枪：命中身体伤害系数1.05 →1

◇ Vector冲锋枪：基础伤害30→31

◇ SCAR-L自动步枪：基础伤害43→44

◇ M762自动步枪：基础伤害46→47

◇ ACE32自动步枪：基础伤害45→46

◇ FAMAS自动步枪：基础伤害39→40

◇ SKS：躯干部位伤害系数13→1.05（恢复经典模式数值）

◇ Mini14：躯干部位伤害系数13-1.1（恢复经典模式数值）

◇ SLR：躯干部位伤害系数1.3-1（恢复经典模式数值）

◇ QBU：躯干部位伤害系数1.3-1（恢复经典模式数值）

**【家园更新】**

**功能调整**

☆ 载入功能调整：可更快速进入家园，减少等待时间。

☆ 等级权益提升：提升每个等级可用的结构物件与装饰物件，进一步提升家园个人化建设的能力。

☆ 家园图纸分期付款功能：购买家园图纸时支援分期付款，具体规则如下：

◇ 付出一定比例首期款项后，每月偿还剩余金额。

◇ 透过活跃可免除全部利息，同一时间仅支援1个物品分期。

◇ 获得相同图纸可用于扣减未付的分期金额。

**物品更新**

**☆ 新增主题风格：月神城堡登场**

◇ 推出时间：12/9/2025 00:00:00（UTC+0）

◇ 新风格促销：购买新风格物品可累积繁荣度积分，繁荣度达一定值可领取我们准备的丰富好礼。

◇ 新风格活动：

\- 进入家园可以领取新风格物品礼包（礼包三选一）。

\- 新增月神风格分排行榜,达到指定风格分或排名即可领取对应奖励。

◇ 家园巧匠超值通：全新风格月神城堡巧匠超值通登场，加量不加价，奖励道具升级，升级Elite版本可立刻获得红色品质家园装饰物件！

◇ 家园轮盘&amp;商店：推出新风格月神城堡。

**☆ 神秘商人宝箱：**新增新风格高品质物。

**玩法更新**

**☆ 家园停车场新赛季开启：**

◇ 推出时间：12/9/2025 02:00:00（UTC+0）

◇ 可把仓库中的载具造型加入至家园停车场，参与全新的车位占领玩法赚取停车券。

◇ 可把载具停放在好友或其他玩家的停车场中，停放的载具品质越高、目标停车场等级越高，停车券收益越高。

◇ 其他玩家停泊在自己停车场的载具可能会带来惊喜礼包。

◇ 停车券可在商店兑换载具代币、抽奖减免券、家园限定雕像等丰富道具奖励。

◇ 每周结算当周停车券收益排行榜，头一百名玩家可透过电邮领取额外道具奖励。

◇ 停车场玩法每个赛季结算，已获得的停车场资源、停车场等级及商店获取的道具奖励将会保留，停车券将在赛季末清空并分解为家园币。

**家园建造大赛**

**☆ 活动主题：发挥无限创意，营造梦想家园！**

◇ 募集期：6/9/2025 02:00:00-23/9/2025 08:59:59（UTC+0)

◇ 评选期：23/9/2025 09:00:00-23/10/2025 08:59:59（UTC+0)

**☆ 参赛条件与报名规则**

◇ 报名基础条件：如要报名参加家园建造大赛，家园繁荣度须≥200

◇ 补报机制：若错过募集期，仍可在评选期内报名，报名后将进入下一轮配对池。

◇ 评选根据：成功报名后，系统将显示目前家园的模型效果，作为之后评选的主要根据。

**☆ 评选机制与对战流程**

◇ 对决模式：在评选期内，玩家将每3天随机配对一名繁荣度相若的对手，进行共10轮对决。

◇ 胜负判定：对决时，系统会比较双方获得的「家园·投票券」数量，票数较高的一方获胜。

◇ 积分夺取：胜利方可夺取失败方的对决积分，积分高低直接影响奖励丰富程度。

◇ 家园对决等级：参与对决可获得家园对决积分，用于提升玩家的家园对决等级，等级越高，最终奖励越丰富。

**☆ 家园·投票券获得方式**

◇ 任务获取：可透过完成指定任务获得家园·投票券。

◇ 赠送礼物：向其他玩家赠送家园礼物也可以增加自己的家园·投票券。

◇ 注意：一般人气礼物不会增加「家园·投票券」数量，只有活动指定的家园礼物才有效。

◇ 有效时间：只有在评选期内每轮对决期间赠送的家园礼物才会计入投票券，非对决期间赠送的礼物则不纳入统计。

**家园风格评选**

**☆ 活动主题：参与家园风格评选！参选抽现金，投票拿奖励，下一个设计大师就是你！**

**☆ 活动时间**

◇ 风格评选开启时间：6/9/2025 00:00:00至30/10/2025 08:59:59（UTC+0）

◇ 现金抽奖结果公告时间：23/10/2025 00:00:00至28/10/2025 08:59:59（UTC+0）

**☆ 参与条件与规则**

◇ 报名：报名家园建造大赛后，将开启特定主题的风格评选活动。

◇ 风格分要求：活动期间，玩家的家园对应风格分满足要求即可参与评选。

◇ 推荐与提名：进入建构对决期后，系统会将玩家的家园推荐给其他玩家，并获得玩家提名。提早报名，对应风格分较高的家园将会更快获得推荐，并获得更高曝光。

◇ 最低分数限制：若玩家的家园风格分低于最低要求，则会暂时取消推荐资格，直到风格分再次符合要求为止。但已获得的票数不会受到影响。

**☆ 奖励与任务机制**

◇ 排名奖励：活动结束时，系统将根据玩家在这次活动中的总得票数排名，并发放对应的排名奖励。

◇ 提名任务：评选期间，玩家可在活动介面中进行提名操作，完成指定的提名次数任务后即可领取相应奖励。

◇ 现金抽奖：

\- 评选期间,将开放现金抽奖资格取得任务,完成任务后即可获得参与最终现金抽奖的资格。抽奖结果将于评选期结束后进行公告。

\- 防骗提示:中奖后,官方工作人员将透过系统电邮联络得奖玩家。请勿轻信任何电邮以外的中奖讯息通知,慎防诈骗。

**【系统更新】**

**系统功能改良**

**☆ 主题系统改版：**

◇ 首页全面升级：新增更直觉的首页介面，可以快速掌握主题版本更新带来的全部优质内容，提升资讯取得效率。

◇ 玩法介绍调整：与地点相关的玩法元素现在会以图示形式直接显示在Erangel地图上，可更便捷地了解新玩法的具体位置。

◇ 任务系统新增：专门的任务介面登场，透过完成任务能获得主题玩法中的型格外观道具。

◇ 商店功能改良：商店新增分类功能，特别把收藏品解锁权收纳到独立分页中，方便查找和浏览。

**☆ 回归系统调整：**

◇ 专属聊天频道：为回归玩家新增专属聊天频道，方便回归玩家之间交流与互动。

◇ 组队任务奖励：回归任务新增与组队次数相关的额外奖励。

◇ 加分卡功能：新增可分享的加分卡，回归玩家在每日对局中可以获得并分享给好友使用。

**☆ 特训营地：**

◇ 等级要求降低：特训营地的参与等级要求降低至3级即可显示。

◇ 评分标签调整：改善玩家评分及玩家标签展示，方便查看其他玩家的老兵好感度。

◇ 邀请功能升级：新增加好友和一键邀请功能，改善邀请流程，让组队更加便捷。

◇ 地图覆盖范围扩展：覆盖地图扩展至Erangel和Livik的每期主题玩法，并且支援全选操作。

**☆ 老兵营地：**

◇ 奖励展示改善：单局奖励增加显示功能，奖励数量范围更清晰。

◇ 好评机制调整：特训好评次数从原本的过往累积记录改为每周更新。

◇ 等级奖励升级：老兵等级奖励升级，玩家升级后可以获得更多奖励。

◇ 地图覆盖与选择：覆盖地图同样扩展至Erangel和Livik的每期主题玩法，并允许玩家全选。

**☆ 仓库更新**

◇ 新增随机穿搭功能，点击后可于预设范围内随机择一套配搭穿著。

◇ 新增每日随机穿著功能，剔选后，每日首次登入时会在预设范围内随机穿著一套配搭。

◇ 开放节奏：为保障功能稳定，随机配搭功能将分批逐步开放，初期优先小范围测试，随后逐步扩大覆盖范围。预计9月9日完成全面开放，具体时间可能根据实际情况动态调整。

**☆ 公会更新**

◇ 公告功能调整：云团公告输入上限大幅扩充，改善公告展示效果，提升阅读体验。

◇ 明星系统调整：公会明星任命时提供多种筛选方式，并支援对成员名称的模糊搜寻，帮助管理者更快定位「明星玩家」。改善展示效果，解决视角兼容度和载入模糊问题。

◇ 讯息置顶功能：新增公会讯息置顶功能，公会管理者可以选择若干条公会频道中的聊天内容置顶。

◇ 页面公会战回归：参与活动可获得丰富奖励。

\- 第一轮报名时间：6/9/2025 00:00:00-11/9/2025 23:59:59（UTC+0）

\- 第二轮报名时间：4/10/2025 00:00:00-9/10/2025 23:59:59（UTC+0）

**人气对决及亲密派对**

**人气对决活动：**

☆ 报名时间：3/9/2025 00:00:00-9/9/2025 08:59:59（UTC+0）

☆ 对决时间：9/9/2025 09:00:00-9/10/2025 09:00:00（UTC+0）

☆ 活动规则：

◇ 参赛门槛：等级≥2且人气等级≥2

◇ 报名：若错过报名期，对决期间仍可报名。报名后将进入下一轮的配对池。

◇ 配对：共10轮对决，每3天配对实力相当的对手进行1v1人气对决

◇ 对决：对决期间，比较双方的人气值获取情况。人气值较高的一方将获得胜利。获胜方可夺取失败方的对决积分，比例为50%

◇ 积分：对决积分=基础积分+夺取积分。获得人气值越高，基础积分越多。失败方人气值越高，获胜方可夺取的积分越多。

◇ 参与对决可赢取对决积分，进而提升对决等级。对决等级越高，获得的奖励越稀有。

◇ 活动期间，连续赢得2轮对决进入连胜状态，失败则立即终止连胜。对决平手不会结束连胜状态，也不会增加最大连胜次数。将按照今期对决最高连胜次数领取奖励。

◇ 人气对决奖励全面升级，新增可升级奖励资源，包括动态名片/动态资讯卡/社交资料背景图，解锁可升级更多动感效果！

◇ 人气水晶：活动期间透过连胜奖励和人气兑换商店获得，用于升级奖励资源。

**☆ 亲密派对：**

◇ 活动期间完成新增好友、组队等任务，可获得亲密度道具及限时套装。

◇ 活动时间： 9/9/2025 09:00:00-22/9/2025 23:59:59（UTC+0）

**☆ 亲密度加成活动：**

◇ 活动期间，好友之间赠送礼物，亲密度可获得额外加成；累计获得加成亲密度达至一定等级即可领取奖励。

◇ 活动时间： 9/9/2025 09:00:00-22/9/2025 23:59:59（UTC+0）

**【安全相关】**

**帐户安全**

**☆ 扫瞄二维码登入调整**

◇ 登出选项调整：扫描二维码登入后，在登出时新增两个选项：

\- &lt;登出&gt;：选择此项将删除目前扫描二维码登入的状态。

\- &lt;切换&gt;：选择此项将保留目前扫描二维码登入的状态。

◇ 登入方式选择：玩家可在登入介面自由选择自己想要的登入方式。

**☆ 安全提示调整**

◇ 风险提示升级：改善帐号安全风险提示系统，现在会更清晰向帐号主人呈现帐号风险讯息，帮助玩家：

\- 更早发现潜在风险

\- 提前进行风险干预

\- 有效规避安全风险

**举报系统**

**☆ 改善战斗内举报**

◇ 语音违规处理：举报语音违规时，新增一键封锁功能，可立即封锁被举报对象的语音。

**☆ 改善大厅举报**

◇ 语言类违规处理：举报语言类违规时，新增一键加入黑名单功能，可立即把被举报对象加入黑名单。

**☆ 改善举报回复**

◇ 战斗中回复：如果玩家在战斗中收到举报成功的回复，可以在讯息栏查看举报成功的简要讯息。

**安全策略**

☆ 安全侦测系统升级，提升针对透视、自动瞄准、子弹追踪、无后坐力、加速、窜改资源档案、造型美化、除草等外挂的侦测能力。

☆ 违规行为侦测升级。提升对恶意组队、恶意卡配对、加入外挂队伍等违规行为的侦测能力。

☆ 加强对游戏内不法产业小帐号、交易、护航、机械人程式、刷人气、不法产业退款等利用违规手段获利行为的侦测和管控程度，遵守游戏规则，提升玩家游戏体验。

☆ 内容安全侦测升级：提升对发言、头像、语音、家园场景的侦测能力和处罚程度，规管游戏行为。

感谢大家一直以来的支持与厚爱！如对新版本有任何意见反映，欢迎随时联络我们，期待与你携手共创更精彩的战场体验！

PUBG MOBILE营运团队

2025年9月3日
2025-09-29 17:21:18.228 | INFO     | preprocess.article_analyzer:analyze_article:43 - 文章读取完成，总长度：13762字
2025-09-29 17:21:42.507 | INFO     | preprocess.article_analyzer:analyze_article:46 - 文风特征提取完成
Token usage: 10567 input + 2709 output = 13276 total
Cost: $0.000000 ($0.000000 for input, $0.000000 for output)
INFO:     9.134.51.90:46928 - "POST /extract-style HTTP/1.1" 200 OK
2025-09-29 17:21:43.517 | INFO     | preprocess.article_analyzer:analyze_article:46 - 文风特征提取完成
Token usage: 11255 input + 2446 output = 13701 total
Cost: $0.000000 ($0.000000 for input, $0.000000 for output)
INFO:     9.134.51.90:46930 - "POST /extract-style HTTP/1.1" 200 OK
